{"/Users/Eric/Documents/UBC/Winter 2017/CPSC 410/git/MoodSwing/be/server.js":{"path":"/Users/Eric/Documents/UBC/Winter 2017/CPSC 410/git/MoodSwing/be/server.js","s":{"1":1,"2":1,"3":1,"4":1,"5":1,"6":1,"7":1,"8":1,"9":1,"10":1,"11":1,"12":1,"13":1,"14":1,"15":1,"16":1,"17":1,"18":1,"19":1,"20":1,"21":0,"22":0,"23":1,"24":1,"25":1},"b":{"1":[1,1],"2":[0,1]},"f":{"1":1},"fnMap":{"1":{"name":"(anonymous_1)","line":23,"loc":{"start":{"line":23,"column":34},"end":{"line":23,"column":52}}}},"statementMap":{"1":{"start":{"line":1,"column":0},"end":{"line":1,"column":35}},"2":{"start":{"line":2,"column":0},"end":{"line":2,"column":22}},"3":{"start":{"line":3,"column":0},"end":{"line":3,"column":41}},"4":{"start":{"line":4,"column":0},"end":{"line":4,"column":28}},"5":{"start":{"line":5,"column":0},"end":{"line":5,"column":38}},"6":{"start":{"line":6,"column":0},"end":{"line":6,"column":51}},"7":{"start":{"line":7,"column":0},"end":{"line":7,"column":37}},"8":{"start":{"line":8,"column":0},"end":{"line":8,"column":33}},"9":{"start":{"line":9,"column":0},"end":{"line":9,"column":35}},"10":{"start":{"line":10,"column":0},"end":{"line":10,"column":32}},"11":{"start":{"line":11,"column":0},"end":{"line":11,"column":61}},"12":{"start":{"line":12,"column":0},"end":{"line":12,"column":47}},"13":{"start":{"line":13,"column":0},"end":{"line":13,"column":44}},"14":{"start":{"line":15,"column":0},"end":{"line":15,"column":49}},"15":{"start":{"line":16,"column":0},"end":{"line":16,"column":27}},"16":{"start":{"line":17,"column":0},"end":{"line":17,"column":23}},"17":{"start":{"line":19,"column":0},"end":{"line":19,"column":29}},"18":{"start":{"line":20,"column":0},"end":{"line":20,"column":22}},"19":{"start":{"line":23,"column":0},"end":{"line":31,"column":3}},"20":{"start":{"line":24,"column":2},"end":{"line":27,"column":3}},"21":{"start":{"line":25,"column":4},"end":{"line":25,"column":89}},"22":{"start":{"line":26,"column":4},"end":{"line":26,"column":11}},"23":{"start":{"line":28,"column":2},"end":{"line":30,"column":5}},"24":{"start":{"line":29,"column":4},"end":{"line":29,"column":40}},"25":{"start":{"line":33,"column":0},"end":{"line":33,"column":21}}},"branchMap":{"1":{"line":5,"type":"binary-expr","locations":[{"start":{"line":5,"column":13},"end":{"line":5,"column":29}},{"start":{"line":5,"column":33},"end":{"line":5,"column":37}}]},"2":{"line":24,"type":"if","locations":[{"start":{"line":24,"column":2},"end":{"line":24,"column":2}},{"start":{"line":24,"column":2},"end":{"line":24,"column":2}}]}}},"/Users/Eric/Documents/UBC/Winter 2017/CPSC 410/git/MoodSwing/be/config.js":{"path":"/Users/Eric/Documents/UBC/Winter 2017/CPSC 410/git/MoodSwing/be/config.js","s":{"1":1},"b":{},"f":{},"fnMap":{},"statementMap":{"1":{"start":{"line":1,"column":0},"end":{"line":4,"column":2}}},"branchMap":{}},"/Users/Eric/Documents/UBC/Winter 2017/CPSC 410/git/MoodSwing/be/authenticatedRoutes.js":{"path":"/Users/Eric/Documents/UBC/Winter 2017/CPSC 410/git/MoodSwing/be/authenticatedRoutes.js","s":{"1":1,"2":1,"3":1,"4":1,"5":1,"6":1,"7":1,"8":1,"9":1,"10":1,"11":1,"12":1,"13":1,"14":1,"15":1,"16":28,"17":28,"18":27,"19":27,"20":1,"21":26,"22":26,"23":1,"24":1,"25":1,"26":0,"27":0,"28":0,"29":0,"30":0,"31":0,"32":0,"33":0,"34":0,"35":0,"36":0,"37":0,"38":0,"39":0,"40":0,"41":0,"42":0,"43":1,"44":2,"45":2,"46":2,"47":2,"48":2,"49":0,"50":2,"51":2,"52":1,"53":1,"54":1,"55":1,"56":1,"57":1,"58":1,"59":1,"60":1,"61":1,"62":0,"63":1,"64":11,"65":11,"66":11,"67":11,"68":11,"69":11,"70":11,"71":0,"72":0,"73":0,"74":0,"75":0,"76":0,"77":0,"78":0,"79":0,"80":0,"81":0,"82":11,"83":1,"84":11,"85":11,"86":11,"87":11,"88":11,"89":11,"90":3,"91":3,"92":3,"93":3,"94":3,"95":0,"96":0,"97":8,"98":8,"99":8,"100":8,"101":8,"102":0,"103":0,"104":1,"105":11,"106":11,"107":0,"108":0,"109":11,"110":1,"111":15,"112":12,"113":3,"114":3,"115":3,"116":3,"117":3,"118":0,"119":1,"120":1,"121":1,"122":1,"123":1,"124":0,"125":1,"126":1,"127":2,"128":1,"129":0,"130":1,"131":2,"132":2,"133":2,"134":0,"135":2,"136":2,"137":0,"138":2,"139":1,"140":1,"141":1,"142":0,"143":1,"144":1,"145":1,"146":0,"147":1,"148":2,"149":3,"150":2,"151":1,"152":1,"153":1,"154":1,"155":1,"156":0,"157":1,"158":1,"159":1,"160":1,"161":1,"162":1,"163":0,"164":1,"165":1,"166":0,"167":1,"168":1,"169":2,"170":2,"171":2,"172":2,"173":2,"174":2,"175":1,"176":1,"177":1,"178":1,"179":0,"180":1,"181":2,"182":2,"183":2,"184":1,"185":1,"186":1,"187":0,"188":1,"189":1,"190":0,"191":1,"192":2,"193":2,"194":2,"195":2,"196":0,"197":2,"198":2,"199":1,"200":1,"201":1,"202":1,"203":1,"204":1,"205":0,"206":1,"207":1,"208":1,"209":1,"210":1,"211":0,"212":1,"213":1,"214":0,"215":1,"216":1,"217":1,"218":1,"219":1,"220":0,"221":1,"222":1,"223":0,"224":1,"225":1},"b":{"1":[28,28],"2":[27,1],"3":[1,26],"4":[0,0],"5":[0,0,0,0,0,0],"6":[0,0],"7":[0,0],"8":[0,0],"9":[0,0],"10":[0,2],"11":[2,0],"12":[1,1],"13":[2,2],"14":[1,0],"15":[1,0],"16":[0,11],"17":[0,0],"18":[0,0,0,0,0,0],"19":[0,0],"20":[0,0],"21":[11,9],"22":[3,8],"23":[0,11],"24":[11,11],"25":[12,3],"26":[0,3],"27":[0,1],"28":[1,1],"29":[0,2],"30":[0,2],"31":[2,2],"32":[1,1],"33":[2,1],"34":[0,1],"35":[0,1],"36":[0,1],"37":[1,1],"38":[1,1],"39":[2,1],"40":[1,1],"41":[0,1],"42":[1,1],"43":[0,2],"44":[2,2],"45":[1,1],"46":[2,2],"47":[0,1],"48":[0,1],"49":[0,1],"50":[1,1],"51":[0,1],"52":[1,1]},"f":{"1":28,"2":27,"3":0,"4":0,"5":0,"6":0,"7":2,"8":1,"9":0,"10":11,"11":0,"12":11,"13":11,"14":3,"15":0,"16":8,"17":0,"18":11,"19":11,"20":11,"21":15,"22":3,"23":1,"24":1,"25":1,"26":2,"27":0,"28":2,"29":2,"30":1,"31":0,"32":1,"33":0,"34":2,"35":3,"36":1,"37":1,"38":1,"39":1,"40":2,"41":2,"42":1,"43":0,"44":2,"45":1,"46":1,"47":0,"48":2,"49":2,"50":2,"51":1,"52":1,"53":0,"54":1,"55":1,"56":1,"57":1,"58":1,"59":1},"fnMap":{"1":{"name":"(anonymous_1)","line":24,"loc":{"start":{"line":24,"column":1},"end":{"line":24,"column":26}}},"2":{"name":"(anonymous_2)","line":28,"loc":{"start":{"line":28,"column":36},"end":{"line":28,"column":59}}},"3":{"name":"(anonymous_3)","line":74,"loc":{"start":{"line":74,"column":19},"end":{"line":74,"column":51}}},"4":{"name":"(anonymous_4)","line":82,"loc":{"start":{"line":82,"column":6},"end":{"line":82,"column":26}}},"5":{"name":"(anonymous_5)","line":91,"loc":{"start":{"line":91,"column":13},"end":{"line":91,"column":28}}},"6":{"name":"(anonymous_6)","line":94,"loc":{"start":{"line":94,"column":14},"end":{"line":94,"column":28}}},"7":{"name":"(anonymous_7)","line":114,"loc":{"start":{"line":114,"column":5},"end":{"line":114,"column":25}}},"8":{"name":"(anonymous_8)","line":132,"loc":{"start":{"line":132,"column":11},"end":{"line":132,"column":26}}},"9":{"name":"(anonymous_9)","line":135,"loc":{"start":{"line":135,"column":12},"end":{"line":135,"column":26}}},"10":{"name":"(anonymous_10)","line":148,"loc":{"start":{"line":148,"column":60},"end":{"line":148,"column":79}}},"11":{"name":"(anonymous_11)","line":178,"loc":{"start":{"line":178,"column":20},"end":{"line":178,"column":52}}},"12":{"name":"makeEntry","line":190,"loc":{"start":{"line":190,"column":0},"end":{"line":190,"column":41}}},"13":{"name":"(anonymous_13)","line":199,"loc":{"start":{"line":199,"column":5},"end":{"line":199,"column":26}}},"14":{"name":"(anonymous_14)","line":204,"loc":{"start":{"line":204,"column":10},"end":{"line":204,"column":24}}},"15":{"name":"(anonymous_15)","line":209,"loc":{"start":{"line":209,"column":11},"end":{"line":209,"column":25}}},"16":{"name":"(anonymous_16)","line":222,"loc":{"start":{"line":222,"column":10},"end":{"line":222,"column":34}}},"17":{"name":"(anonymous_17)","line":227,"loc":{"start":{"line":227,"column":12},"end":{"line":227,"column":26}}},"18":{"name":"notifyFollowers","line":235,"loc":{"start":{"line":235,"column":0},"end":{"line":235,"column":44}}},"19":{"name":"(anonymous_19)","line":238,"loc":{"start":{"line":238,"column":17},"end":{"line":238,"column":41}}},"20":{"name":"(anonymous_20)","line":254,"loc":{"start":{"line":254,"column":5},"end":{"line":254,"column":25}}},"21":{"name":"incrementEmotionCount","line":259,"loc":{"start":{"line":259,"column":0},"end":{"line":259,"column":60}}},"22":{"name":"(anonymous_22)","line":271,"loc":{"start":{"line":271,"column":28},"end":{"line":271,"column":48}}},"23":{"name":"(anonymous_23)","line":278,"loc":{"start":{"line":278,"column":46},"end":{"line":278,"column":65}}},"24":{"name":"(anonymous_24)","line":282,"loc":{"start":{"line":282,"column":32},"end":{"line":282,"column":53}}},"25":{"name":"(anonymous_25)","line":288,"loc":{"start":{"line":288,"column":12},"end":{"line":288,"column":24}}},"26":{"name":"(anonymous_26)","line":289,"loc":{"start":{"line":289,"column":30},"end":{"line":289,"column":48}}},"27":{"name":"(anonymous_27)","line":294,"loc":{"start":{"line":294,"column":13},"end":{"line":294,"column":27}}},"28":{"name":"(anonymous_28)","line":300,"loc":{"start":{"line":300,"column":49},"end":{"line":300,"column":68}}},"29":{"name":"(anonymous_29)","line":310,"loc":{"start":{"line":310,"column":4},"end":{"line":310,"column":25}}},"30":{"name":"(anonymous_30)","line":317,"loc":{"start":{"line":317,"column":10},"end":{"line":317,"column":22}}},"31":{"name":"(anonymous_31)","line":321,"loc":{"start":{"line":321,"column":11},"end":{"line":321,"column":25}}},"32":{"name":"(anonymous_32)","line":326,"loc":{"start":{"line":326,"column":10},"end":{"line":326,"column":21}}},"33":{"name":"(anonymous_33)","line":330,"loc":{"start":{"line":330,"column":11},"end":{"line":330,"column":25}}},"34":{"name":"findCaptureByIdAndDecrementEmotion","line":337,"loc":{"start":{"line":337,"column":0},"end":{"line":337,"column":72}}},"35":{"name":"(anonymous_35)","line":338,"loc":{"start":{"line":338,"column":27},"end":{"line":338,"column":45}}},"36":{"name":"(anonymous_36)","line":345,"loc":{"start":{"line":345,"column":43},"end":{"line":345,"column":62}}},"37":{"name":"(anonymous_37)","line":351,"loc":{"start":{"line":351,"column":4},"end":{"line":351,"column":26}}},"38":{"name":"(anonymous_38)","line":360,"loc":{"start":{"line":360,"column":46},"end":{"line":360,"column":65}}},"39":{"name":"(anonymous_39)","line":374,"loc":{"start":{"line":374,"column":4},"end":{"line":374,"column":25}}},"40":{"name":"(anonymous_40)","line":389,"loc":{"start":{"line":389,"column":42},"end":{"line":389,"column":61}}},"41":{"name":"(anonymous_41)","line":396,"loc":{"start":{"line":396,"column":33},"end":{"line":396,"column":54}}},"42":{"name":"(anonymous_42)","line":404,"loc":{"start":{"line":404,"column":10},"end":{"line":404,"column":25}}},"43":{"name":"(anonymous_43)","line":407,"loc":{"start":{"line":407,"column":11},"end":{"line":407,"column":25}}},"44":{"name":"(anonymous_44)","line":413,"loc":{"start":{"line":413,"column":38},"end":{"line":413,"column":57}}},"45":{"name":"(anonymous_45)","line":424,"loc":{"start":{"line":424,"column":5},"end":{"line":424,"column":26}}},"46":{"name":"(anonymous_46)","line":430,"loc":{"start":{"line":430,"column":9},"end":{"line":430,"column":20}}},"47":{"name":"(anonymous_47)","line":433,"loc":{"start":{"line":433,"column":10},"end":{"line":433,"column":24}}},"48":{"name":"(anonymous_48)","line":445,"loc":{"start":{"line":445,"column":39},"end":{"line":445,"column":58}}},"49":{"name":"(anonymous_49)","line":451,"loc":{"start":{"line":451,"column":4},"end":{"line":451,"column":31}}},"50":{"name":"(anonymous_50)","line":458,"loc":{"start":{"line":458,"column":5},"end":{"line":458,"column":33}}},"51":{"name":"(anonymous_51)","line":467,"loc":{"start":{"line":467,"column":10},"end":{"line":467,"column":24}}},"52":{"name":"(anonymous_52)","line":470,"loc":{"start":{"line":470,"column":10},"end":{"line":470,"column":25}}},"53":{"name":"(anonymous_53)","line":473,"loc":{"start":{"line":473,"column":12},"end":{"line":473,"column":26}}},"54":{"name":"(anonymous_54)","line":480,"loc":{"start":{"line":480,"column":41},"end":{"line":480,"column":60}}},"55":{"name":"(anonymous_55)","line":486,"loc":{"start":{"line":486,"column":46},"end":{"line":486,"column":65}}},"56":{"name":"(anonymous_56)","line":493,"loc":{"start":{"line":493,"column":44},"end":{"line":493,"column":63}}},"57":{"name":"(anonymous_57)","line":509,"loc":{"start":{"line":509,"column":40},"end":{"line":509,"column":59}}},"58":{"name":"(anonymous_58)","line":514,"loc":{"start":{"line":514,"column":21},"end":{"line":514,"column":45}}},"59":{"name":"(anonymous_59)","line":525,"loc":{"start":{"line":525,"column":5},"end":{"line":525,"column":24}}}},"statementMap":{"1":{"start":{"line":1,"column":0},"end":{"line":1,"column":35}},"2":{"start":{"line":2,"column":0},"end":{"line":2,"column":32}},"3":{"start":{"line":3,"column":0},"end":{"line":3,"column":36}},"4":{"start":{"line":4,"column":0},"end":{"line":4,"column":44}},"5":{"start":{"line":5,"column":0},"end":{"line":5,"column":60}},"6":{"start":{"line":6,"column":0},"end":{"line":6,"column":35}},"7":{"start":{"line":7,"column":0},"end":{"line":7,"column":33}},"8":{"start":{"line":8,"column":0},"end":{"line":8,"column":37}},"9":{"start":{"line":9,"column":0},"end":{"line":9,"column":25}},"10":{"start":{"line":10,"column":0},"end":{"line":10,"column":28}},"11":{"start":{"line":11,"column":0},"end":{"line":11,"column":48}},"12":{"start":{"line":13,"column":0},"end":{"line":13,"column":16}},"13":{"start":{"line":14,"column":0},"end":{"line":14,"column":17}},"14":{"start":{"line":15,"column":0},"end":{"line":15,"column":65}},"15":{"start":{"line":23,"column":0},"end":{"line":42,"column":3}},"16":{"start":{"line":25,"column":2},"end":{"line":25,"column":62}},"17":{"start":{"line":27,"column":2},"end":{"line":41,"column":3}},"18":{"start":{"line":28,"column":3},"end":{"line":35,"column":6}},"19":{"start":{"line":29,"column":4},"end":{"line":31,"column":5}},"20":{"start":{"line":30,"column":5},"end":{"line":30,"column":112}},"21":{"start":{"line":33,"column":4},"end":{"line":33,"column":36}},"22":{"start":{"line":34,"column":4},"end":{"line":34,"column":11}},"23":{"start":{"line":37,"column":3},"end":{"line":40,"column":6}},"24":{"start":{"line":50,"column":0},"end":{"line":50,"column":59}},"25":{"start":{"line":52,"column":0},"end":{"line":99,"column":3}},"26":{"start":{"line":54,"column":2},"end":{"line":54,"column":30}},"27":{"start":{"line":56,"column":1},"end":{"line":58,"column":2}},"28":{"start":{"line":57,"column":2},"end":{"line":57,"column":96}},"29":{"start":{"line":60,"column":1},"end":{"line":69,"column":2}},"30":{"start":{"line":66,"column":3},"end":{"line":66,"column":9}},"31":{"start":{"line":68,"column":3},"end":{"line":68,"column":117}},"32":{"start":{"line":71,"column":1},"end":{"line":98,"column":5}},"33":{"start":{"line":76,"column":4},"end":{"line":78,"column":5}},"34":{"start":{"line":77,"column":4},"end":{"line":77,"column":106}},"35":{"start":{"line":80,"column":3},"end":{"line":97,"column":6}},"36":{"start":{"line":83,"column":4},"end":{"line":85,"column":5}},"37":{"start":{"line":84,"column":5},"end":{"line":84,"column":97}},"38":{"start":{"line":87,"column":4},"end":{"line":87,"column":82}},"39":{"start":{"line":88,"column":4},"end":{"line":88,"column":72}},"40":{"start":{"line":90,"column":4},"end":{"line":96,"column":10}},"41":{"start":{"line":92,"column":9},"end":{"line":92,"column":66}},"42":{"start":{"line":95,"column":9},"end":{"line":95,"column":76}},"43":{"start":{"line":101,"column":0},"end":{"line":139,"column":3}},"44":{"start":{"line":102,"column":1},"end":{"line":102,"column":29}},"45":{"start":{"line":103,"column":1},"end":{"line":103,"column":40}},"46":{"start":{"line":104,"column":1},"end":{"line":104,"column":40}},"47":{"start":{"line":105,"column":1},"end":{"line":105,"column":46}},"48":{"start":{"line":107,"column":1},"end":{"line":109,"column":2}},"49":{"start":{"line":108,"column":2},"end":{"line":108,"column":99}},"50":{"start":{"line":111,"column":2},"end":{"line":138,"column":4}},"51":{"start":{"line":115,"column":2},"end":{"line":117,"column":3}},"52":{"start":{"line":116,"column":3},"end":{"line":116,"column":109}},"53":{"start":{"line":119,"column":2},"end":{"line":119,"column":29}},"54":{"start":{"line":121,"column":2},"end":{"line":124,"column":3}},"55":{"start":{"line":122,"column":3},"end":{"line":122,"column":31}},"56":{"start":{"line":123,"column":3},"end":{"line":123,"column":36}},"57":{"start":{"line":126,"column":2},"end":{"line":129,"column":3}},"58":{"start":{"line":127,"column":3},"end":{"line":127,"column":37}},"59":{"start":{"line":128,"column":3},"end":{"line":128,"column":38}},"60":{"start":{"line":131,"column":2},"end":{"line":137,"column":8}},"61":{"start":{"line":133,"column":7},"end":{"line":133,"column":122}},"62":{"start":{"line":136,"column":7},"end":{"line":136,"column":106}},"63":{"start":{"line":148,"column":0},"end":{"line":188,"column":3}},"64":{"start":{"line":149,"column":1},"end":{"line":149,"column":29}},"65":{"start":{"line":150,"column":1},"end":{"line":150,"column":26}},"66":{"start":{"line":151,"column":1},"end":{"line":151,"column":40}},"67":{"start":{"line":152,"column":1},"end":{"line":152,"column":40}},"68":{"start":{"line":153,"column":1},"end":{"line":153,"column":21}},"69":{"start":{"line":155,"column":1},"end":{"line":155,"column":57}},"70":{"start":{"line":157,"column":1},"end":{"line":187,"column":2}},"71":{"start":{"line":158,"column":2},"end":{"line":160,"column":3}},"72":{"start":{"line":159,"column":3},"end":{"line":159,"column":97}},"73":{"start":{"line":162,"column":2},"end":{"line":171,"column":3}},"74":{"start":{"line":168,"column":4},"end":{"line":168,"column":10}},"75":{"start":{"line":170,"column":4},"end":{"line":170,"column":118}},"76":{"start":{"line":173,"column":2},"end":{"line":173,"column":77}},"77":{"start":{"line":175,"column":2},"end":{"line":184,"column":6}},"78":{"start":{"line":179,"column":4},"end":{"line":181,"column":5}},"79":{"start":{"line":180,"column":5},"end":{"line":180,"column":103}},"80":{"start":{"line":182,"column":4},"end":{"line":182,"column":78}},"81":{"start":{"line":183,"column":4},"end":{"line":183,"column":36}},"82":{"start":{"line":186,"column":2},"end":{"line":186,"column":34}},"83":{"start":{"line":190,"column":0},"end":{"line":233,"column":1}},"84":{"start":{"line":191,"column":1},"end":{"line":191,"column":29}},"85":{"start":{"line":192,"column":1},"end":{"line":192,"column":26}},"86":{"start":{"line":193,"column":1},"end":{"line":193,"column":40}},"87":{"start":{"line":194,"column":1},"end":{"line":194,"column":46}},"88":{"start":{"line":196,"column":2},"end":{"line":232,"column":5}},"89":{"start":{"line":200,"column":2},"end":{"line":231,"column":3}},"90":{"start":{"line":201,"column":3},"end":{"line":201,"column":35}},"91":{"start":{"line":203,"column":3},"end":{"line":212,"column":8}},"92":{"start":{"line":205,"column":5},"end":{"line":205,"column":54}},"93":{"start":{"line":206,"column":5},"end":{"line":206,"column":42}},"94":{"start":{"line":207,"column":5},"end":{"line":207,"column":101}},"95":{"start":{"line":210,"column":5},"end":{"line":210,"column":22}},"96":{"start":{"line":211,"column":5},"end":{"line":211,"column":72}},"97":{"start":{"line":215,"column":3},"end":{"line":219,"column":6}},"98":{"start":{"line":221,"column":3},"end":{"line":230,"column":8}},"99":{"start":{"line":223,"column":5},"end":{"line":223,"column":54}},"100":{"start":{"line":224,"column":5},"end":{"line":224,"column":49}},"101":{"start":{"line":225,"column":5},"end":{"line":225,"column":104}},"102":{"start":{"line":228,"column":5},"end":{"line":228,"column":22}},"103":{"start":{"line":229,"column":5},"end":{"line":229,"column":72}},"104":{"start":{"line":235,"column":0},"end":{"line":257,"column":1}},"105":{"start":{"line":236,"column":1},"end":{"line":256,"column":4}},"106":{"start":{"line":239,"column":2},"end":{"line":242,"column":3}},"107":{"start":{"line":240,"column":3},"end":{"line":240,"column":44}},"108":{"start":{"line":241,"column":3},"end":{"line":241,"column":10}},"109":{"start":{"line":244,"column":2},"end":{"line":255,"column":5}},"110":{"start":{"line":259,"column":0},"end":{"line":276,"column":1}},"111":{"start":{"line":261,"column":1},"end":{"line":263,"column":2}},"112":{"start":{"line":262,"column":2},"end":{"line":262,"column":9}},"113":{"start":{"line":265,"column":1},"end":{"line":265,"column":24}},"114":{"start":{"line":266,"column":1},"end":{"line":266,"column":37}},"115":{"start":{"line":267,"column":1},"end":{"line":267,"column":29}},"116":{"start":{"line":269,"column":1},"end":{"line":275,"column":4}},"117":{"start":{"line":272,"column":2},"end":{"line":274,"column":3}},"118":{"start":{"line":273,"column":3},"end":{"line":273,"column":20}},"119":{"start":{"line":278,"column":0},"end":{"line":298,"column":3}},"120":{"start":{"line":279,"column":1},"end":{"line":279,"column":29}},"121":{"start":{"line":280,"column":1},"end":{"line":280,"column":34}},"122":{"start":{"line":282,"column":1},"end":{"line":297,"column":7}},"123":{"start":{"line":283,"column":2},"end":{"line":285,"column":5}},"124":{"start":{"line":284,"column":6},"end":{"line":284,"column":100}},"125":{"start":{"line":287,"column":4},"end":{"line":296,"column":9}},"126":{"start":{"line":289,"column":4},"end":{"line":291,"column":7}},"127":{"start":{"line":290,"column":5},"end":{"line":290,"column":58}},"128":{"start":{"line":292,"column":8},"end":{"line":292,"column":64}},"129":{"start":{"line":295,"column":8},"end":{"line":295,"column":75}},"130":{"start":{"line":300,"column":0},"end":{"line":335,"column":3}},"131":{"start":{"line":301,"column":1},"end":{"line":301,"column":29}},"132":{"start":{"line":302,"column":1},"end":{"line":302,"column":38}},"133":{"start":{"line":304,"column":1},"end":{"line":306,"column":2}},"134":{"start":{"line":305,"column":2},"end":{"line":305,"column":69}},"135":{"start":{"line":308,"column":1},"end":{"line":334,"column":4}},"136":{"start":{"line":311,"column":2},"end":{"line":313,"column":3}},"137":{"start":{"line":312,"column":3},"end":{"line":312,"column":70}},"138":{"start":{"line":315,"column":2},"end":{"line":333,"column":4}},"139":{"start":{"line":316,"column":3},"end":{"line":323,"column":7}},"140":{"start":{"line":318,"column":5},"end":{"line":318,"column":68}},"141":{"start":{"line":319,"column":5},"end":{"line":319,"column":94}},"142":{"start":{"line":322,"column":5},"end":{"line":322,"column":72}},"143":{"start":{"line":325,"column":3},"end":{"line":332,"column":7}},"144":{"start":{"line":327,"column":5},"end":{"line":327,"column":68}},"145":{"start":{"line":328,"column":5},"end":{"line":328,"column":62}},"146":{"start":{"line":331,"column":5},"end":{"line":331,"column":72}},"147":{"start":{"line":337,"column":0},"end":{"line":343,"column":1}},"148":{"start":{"line":338,"column":1},"end":{"line":342,"column":4}},"149":{"start":{"line":339,"column":2},"end":{"line":341,"column":3}},"150":{"start":{"line":340,"column":3},"end":{"line":340,"column":56}},"151":{"start":{"line":345,"column":0},"end":{"line":358,"column":3}},"152":{"start":{"line":346,"column":1},"end":{"line":346,"column":34}},"153":{"start":{"line":347,"column":1},"end":{"line":347,"column":28}},"154":{"start":{"line":349,"column":1},"end":{"line":357,"column":4}},"155":{"start":{"line":352,"column":2},"end":{"line":354,"column":3}},"156":{"start":{"line":353,"column":3},"end":{"line":353,"column":70}},"157":{"start":{"line":356,"column":2},"end":{"line":356,"column":59}},"158":{"start":{"line":360,"column":0},"end":{"line":381,"column":3}},"159":{"start":{"line":361,"column":1},"end":{"line":361,"column":38}},"160":{"start":{"line":362,"column":1},"end":{"line":362,"column":26}},"161":{"start":{"line":363,"column":1},"end":{"line":363,"column":29}},"162":{"start":{"line":365,"column":1},"end":{"line":367,"column":2}},"163":{"start":{"line":366,"column":2},"end":{"line":366,"column":69}},"164":{"start":{"line":369,"column":1},"end":{"line":380,"column":4}},"165":{"start":{"line":375,"column":2},"end":{"line":377,"column":3}},"166":{"start":{"line":376,"column":3},"end":{"line":376,"column":70}},"167":{"start":{"line":379,"column":2},"end":{"line":379,"column":59}},"168":{"start":{"line":389,"column":0},"end":{"line":411,"column":3}},"169":{"start":{"line":390,"column":1},"end":{"line":390,"column":30}},"170":{"start":{"line":391,"column":1},"end":{"line":391,"column":26}},"171":{"start":{"line":392,"column":1},"end":{"line":392,"column":34}},"172":{"start":{"line":394,"column":1},"end":{"line":394,"column":53}},"173":{"start":{"line":396,"column":2},"end":{"line":410,"column":4}},"174":{"start":{"line":397,"column":2},"end":{"line":399,"column":3}},"175":{"start":{"line":398,"column":3},"end":{"line":398,"column":70}},"176":{"start":{"line":401,"column":2},"end":{"line":401,"column":34}},"177":{"start":{"line":403,"column":2},"end":{"line":409,"column":7}},"178":{"start":{"line":405,"column":6},"end":{"line":405,"column":95}},"179":{"start":{"line":408,"column":6},"end":{"line":408,"column":73}},"180":{"start":{"line":413,"column":0},"end":{"line":437,"column":3}},"181":{"start":{"line":414,"column":1},"end":{"line":414,"column":30}},"182":{"start":{"line":415,"column":1},"end":{"line":415,"column":38}},"183":{"start":{"line":417,"column":1},"end":{"line":419,"column":2}},"184":{"start":{"line":418,"column":2},"end":{"line":418,"column":69}},"185":{"start":{"line":421,"column":2},"end":{"line":436,"column":4}},"186":{"start":{"line":425,"column":2},"end":{"line":427,"column":3}},"187":{"start":{"line":426,"column":3},"end":{"line":426,"column":70}},"188":{"start":{"line":429,"column":2},"end":{"line":435,"column":6}},"189":{"start":{"line":431,"column":4},"end":{"line":431,"column":61}},"190":{"start":{"line":434,"column":4},"end":{"line":434,"column":71}},"191":{"start":{"line":445,"column":0},"end":{"line":478,"column":3}},"192":{"start":{"line":446,"column":1},"end":{"line":446,"column":44}},"193":{"start":{"line":447,"column":1},"end":{"line":447,"column":36}},"194":{"start":{"line":449,"column":1},"end":{"line":477,"column":4}},"195":{"start":{"line":452,"column":2},"end":{"line":454,"column":3}},"196":{"start":{"line":453,"column":3},"end":{"line":453,"column":68}},"197":{"start":{"line":456,"column":2},"end":{"line":476,"column":5}},"198":{"start":{"line":459,"column":3},"end":{"line":461,"column":4}},"199":{"start":{"line":460,"column":4},"end":{"line":460,"column":96}},"200":{"start":{"line":463,"column":3},"end":{"line":463,"column":48}},"201":{"start":{"line":464,"column":3},"end":{"line":464,"column":48}},"202":{"start":{"line":466,"column":3},"end":{"line":475,"column":8}},"203":{"start":{"line":468,"column":5},"end":{"line":468,"column":25}},"204":{"start":{"line":471,"column":5},"end":{"line":471,"column":62}},"205":{"start":{"line":474,"column":5},"end":{"line":474,"column":72}},"206":{"start":{"line":480,"column":0},"end":{"line":501,"column":3}},"207":{"start":{"line":481,"column":1},"end":{"line":481,"column":46}},"208":{"start":{"line":482,"column":1},"end":{"line":482,"column":36}},"209":{"start":{"line":484,"column":1},"end":{"line":500,"column":5}},"210":{"start":{"line":487,"column":4},"end":{"line":489,"column":5}},"211":{"start":{"line":488,"column":6},"end":{"line":488,"column":71}},"212":{"start":{"line":491,"column":4},"end":{"line":499,"column":6}},"213":{"start":{"line":494,"column":5},"end":{"line":496,"column":6}},"214":{"start":{"line":495,"column":7},"end":{"line":495,"column":72}},"215":{"start":{"line":498,"column":5},"end":{"line":498,"column":62}},"216":{"start":{"line":509,"column":0},"end":{"line":533,"column":3}},"217":{"start":{"line":510,"column":1},"end":{"line":510,"column":29}},"218":{"start":{"line":512,"column":1},"end":{"line":532,"column":4}},"219":{"start":{"line":516,"column":2},"end":{"line":518,"column":3}},"220":{"start":{"line":517,"column":3},"end":{"line":517,"column":104}},"221":{"start":{"line":520,"column":2},"end":{"line":531,"column":5}},"222":{"start":{"line":526,"column":3},"end":{"line":528,"column":4}},"223":{"start":{"line":527,"column":4},"end":{"line":527,"column":94}},"224":{"start":{"line":530,"column":3},"end":{"line":530,"column":57}},"225":{"start":{"line":541,"column":0},"end":{"line":541,"column":24}}},"branchMap":{"1":{"line":25,"type":"binary-expr","locations":[{"start":{"line":25,"column":14},"end":{"line":25,"column":28}},{"start":{"line":25,"column":32},"end":{"line":25,"column":61}}]},"2":{"line":27,"type":"if","locations":[{"start":{"line":27,"column":2},"end":{"line":27,"column":2}},{"start":{"line":27,"column":2},"end":{"line":27,"column":2}}]},"3":{"line":29,"type":"if","locations":[{"start":{"line":29,"column":4},"end":{"line":29,"column":4}},{"start":{"line":29,"column":4},"end":{"line":29,"column":4}}]},"4":{"line":56,"type":"if","locations":[{"start":{"line":56,"column":1},"end":{"line":56,"column":1}},{"start":{"line":56,"column":1},"end":{"line":56,"column":1}}]},"5":{"line":60,"type":"switch","locations":[{"start":{"line":61,"column":2},"end":{"line":61,"column":19}},{"start":{"line":62,"column":2},"end":{"line":62,"column":19}},{"start":{"line":63,"column":2},"end":{"line":63,"column":20}},{"start":{"line":64,"column":2},"end":{"line":64,"column":19}},{"start":{"line":65,"column":2},"end":{"line":66,"column":9}},{"start":{"line":67,"column":2},"end":{"line":68,"column":117}}]},"6":{"line":76,"type":"if","locations":[{"start":{"line":76,"column":4},"end":{"line":76,"column":4}},{"start":{"line":76,"column":4},"end":{"line":76,"column":4}}]},"7":{"line":76,"type":"binary-expr","locations":[{"start":{"line":76,"column":8},"end":{"line":76,"column":11}},{"start":{"line":76,"column":15},"end":{"line":76,"column":31}}]},"8":{"line":83,"type":"if","locations":[{"start":{"line":83,"column":4},"end":{"line":83,"column":4}},{"start":{"line":83,"column":4},"end":{"line":83,"column":4}}]},"9":{"line":83,"type":"binary-expr","locations":[{"start":{"line":83,"column":8},"end":{"line":83,"column":11}},{"start":{"line":83,"column":15},"end":{"line":83,"column":20}}]},"10":{"line":107,"type":"if","locations":[{"start":{"line":107,"column":1},"end":{"line":107,"column":1}},{"start":{"line":107,"column":1},"end":{"line":107,"column":1}}]},"11":{"line":107,"type":"binary-expr","locations":[{"start":{"line":107,"column":5},"end":{"line":107,"column":17}},{"start":{"line":107,"column":21},"end":{"line":107,"column":36}}]},"12":{"line":115,"type":"if","locations":[{"start":{"line":115,"column":2},"end":{"line":115,"column":2}},{"start":{"line":115,"column":2},"end":{"line":115,"column":2}}]},"13":{"line":115,"type":"binary-expr","locations":[{"start":{"line":115,"column":6},"end":{"line":115,"column":9}},{"start":{"line":115,"column":13},"end":{"line":115,"column":18}}]},"14":{"line":121,"type":"if","locations":[{"start":{"line":121,"column":2},"end":{"line":121,"column":2}},{"start":{"line":121,"column":2},"end":{"line":121,"column":2}}]},"15":{"line":126,"type":"if","locations":[{"start":{"line":126,"column":2},"end":{"line":126,"column":2}},{"start":{"line":126,"column":2},"end":{"line":126,"column":2}}]},"16":{"line":157,"type":"if","locations":[{"start":{"line":157,"column":1},"end":{"line":157,"column":1}},{"start":{"line":157,"column":1},"end":{"line":157,"column":1}}]},"17":{"line":158,"type":"if","locations":[{"start":{"line":158,"column":2},"end":{"line":158,"column":2}},{"start":{"line":158,"column":2},"end":{"line":158,"column":2}}]},"18":{"line":162,"type":"switch","locations":[{"start":{"line":163,"column":3},"end":{"line":163,"column":20}},{"start":{"line":164,"column":3},"end":{"line":164,"column":20}},{"start":{"line":165,"column":3},"end":{"line":165,"column":21}},{"start":{"line":166,"column":3},"end":{"line":166,"column":20}},{"start":{"line":167,"column":3},"end":{"line":168,"column":10}},{"start":{"line":169,"column":3},"end":{"line":170,"column":118}}]},"19":{"line":179,"type":"if","locations":[{"start":{"line":179,"column":4},"end":{"line":179,"column":4}},{"start":{"line":179,"column":4},"end":{"line":179,"column":4}}]},"20":{"line":179,"type":"binary-expr","locations":[{"start":{"line":179,"column":8},"end":{"line":179,"column":11}},{"start":{"line":179,"column":15},"end":{"line":179,"column":31}}]},"21":{"line":194,"type":"binary-expr","locations":[{"start":{"line":194,"column":23},"end":{"line":194,"column":39}},{"start":{"line":194,"column":43},"end":{"line":194,"column":45}}]},"22":{"line":200,"type":"if","locations":[{"start":{"line":200,"column":2},"end":{"line":200,"column":2}},{"start":{"line":200,"column":2},"end":{"line":200,"column":2}}]},"23":{"line":239,"type":"if","locations":[{"start":{"line":239,"column":2},"end":{"line":239,"column":2}},{"start":{"line":239,"column":2},"end":{"line":239,"column":2}}]},"24":{"line":239,"type":"binary-expr","locations":[{"start":{"line":239,"column":6},"end":{"line":239,"column":9}},{"start":{"line":239,"column":13},"end":{"line":239,"column":22}}]},"25":{"line":261,"type":"if","locations":[{"start":{"line":261,"column":1},"end":{"line":261,"column":1}},{"start":{"line":261,"column":1},"end":{"line":261,"column":1}}]},"26":{"line":272,"type":"if","locations":[{"start":{"line":272,"column":2},"end":{"line":272,"column":2}},{"start":{"line":272,"column":2},"end":{"line":272,"column":2}}]},"27":{"line":283,"type":"if","locations":[{"start":{"line":283,"column":2},"end":{"line":283,"column":2}},{"start":{"line":283,"column":2},"end":{"line":283,"column":2}}]},"28":{"line":283,"type":"binary-expr","locations":[{"start":{"line":283,"column":6},"end":{"line":283,"column":9}},{"start":{"line":283,"column":13},"end":{"line":283,"column":19}}]},"29":{"line":304,"type":"if","locations":[{"start":{"line":304,"column":1},"end":{"line":304,"column":1}},{"start":{"line":304,"column":1},"end":{"line":304,"column":1}}]},"30":{"line":311,"type":"if","locations":[{"start":{"line":311,"column":2},"end":{"line":311,"column":2}},{"start":{"line":311,"column":2},"end":{"line":311,"column":2}}]},"31":{"line":311,"type":"binary-expr","locations":[{"start":{"line":311,"column":6},"end":{"line":311,"column":9}},{"start":{"line":311,"column":13},"end":{"line":311,"column":19}}]},"32":{"line":315,"type":"if","locations":[{"start":{"line":315,"column":2},"end":{"line":315,"column":2}},{"start":{"line":315,"column":2},"end":{"line":315,"column":2}}]},"33":{"line":339,"type":"if","locations":[{"start":{"line":339,"column":2},"end":{"line":339,"column":2}},{"start":{"line":339,"column":2},"end":{"line":339,"column":2}}]},"34":{"line":352,"type":"if","locations":[{"start":{"line":352,"column":2},"end":{"line":352,"column":2}},{"start":{"line":352,"column":2},"end":{"line":352,"column":2}}]},"35":{"line":365,"type":"if","locations":[{"start":{"line":365,"column":1},"end":{"line":365,"column":1}},{"start":{"line":365,"column":1},"end":{"line":365,"column":1}}]},"36":{"line":375,"type":"if","locations":[{"start":{"line":375,"column":2},"end":{"line":375,"column":2}},{"start":{"line":375,"column":2},"end":{"line":375,"column":2}}]},"37":{"line":375,"type":"binary-expr","locations":[{"start":{"line":375,"column":6},"end":{"line":375,"column":9}},{"start":{"line":375,"column":13},"end":{"line":375,"column":19}}]},"38":{"line":397,"type":"if","locations":[{"start":{"line":397,"column":2},"end":{"line":397,"column":2}},{"start":{"line":397,"column":2},"end":{"line":397,"column":2}}]},"39":{"line":397,"type":"binary-expr","locations":[{"start":{"line":397,"column":6},"end":{"line":397,"column":9}},{"start":{"line":397,"column":13},"end":{"line":397,"column":19}}]},"40":{"line":417,"type":"if","locations":[{"start":{"line":417,"column":1},"end":{"line":417,"column":1}},{"start":{"line":417,"column":1},"end":{"line":417,"column":1}}]},"41":{"line":425,"type":"if","locations":[{"start":{"line":425,"column":2},"end":{"line":425,"column":2}},{"start":{"line":425,"column":2},"end":{"line":425,"column":2}}]},"42":{"line":425,"type":"binary-expr","locations":[{"start":{"line":425,"column":6},"end":{"line":425,"column":9}},{"start":{"line":425,"column":13},"end":{"line":425,"column":19}}]},"43":{"line":452,"type":"if","locations":[{"start":{"line":452,"column":2},"end":{"line":452,"column":2}},{"start":{"line":452,"column":2},"end":{"line":452,"column":2}}]},"44":{"line":452,"type":"binary-expr","locations":[{"start":{"line":452,"column":6},"end":{"line":452,"column":9}},{"start":{"line":452,"column":13},"end":{"line":452,"column":25}}]},"45":{"line":459,"type":"if","locations":[{"start":{"line":459,"column":3},"end":{"line":459,"column":3}},{"start":{"line":459,"column":3},"end":{"line":459,"column":3}}]},"46":{"line":459,"type":"binary-expr","locations":[{"start":{"line":459,"column":7},"end":{"line":459,"column":10}},{"start":{"line":459,"column":14},"end":{"line":459,"column":27}}]},"47":{"line":487,"type":"if","locations":[{"start":{"line":487,"column":4},"end":{"line":487,"column":4}},{"start":{"line":487,"column":4},"end":{"line":487,"column":4}}]},"48":{"line":494,"type":"if","locations":[{"start":{"line":494,"column":5},"end":{"line":494,"column":5}},{"start":{"line":494,"column":5},"end":{"line":494,"column":5}}]},"49":{"line":516,"type":"if","locations":[{"start":{"line":516,"column":2},"end":{"line":516,"column":2}},{"start":{"line":516,"column":2},"end":{"line":516,"column":2}}]},"50":{"line":516,"type":"binary-expr","locations":[{"start":{"line":516,"column":6},"end":{"line":516,"column":9}},{"start":{"line":516,"column":13},"end":{"line":516,"column":22}}]},"51":{"line":526,"type":"if","locations":[{"start":{"line":526,"column":3},"end":{"line":526,"column":3}},{"start":{"line":526,"column":3},"end":{"line":526,"column":3}}]},"52":{"line":526,"type":"binary-expr","locations":[{"start":{"line":526,"column":7},"end":{"line":526,"column":10}},{"start":{"line":526,"column":14},"end":{"line":526,"column":19}}]}}},"/Users/Eric/Documents/UBC/Winter 2017/CPSC 410/git/MoodSwing/be/app/models/user.js":{"path":"/Users/Eric/Documents/UBC/Winter 2017/CPSC 410/git/MoodSwing/be/app/models/user.js","s":{"1":1,"2":1,"3":1,"4":1,"5":1},"b":{},"f":{},"fnMap":{},"statementMap":{"1":{"start":{"line":1,"column":0},"end":{"line":1,"column":35}},"2":{"start":{"line":2,"column":0},"end":{"line":2,"column":29}},"3":{"start":{"line":4,"column":0},"end":{"line":4,"column":27}},"4":{"start":{"line":6,"column":0},"end":{"line":19,"column":2}},"5":{"start":{"line":21,"column":0},"end":{"line":33,"column":4}}},"branchMap":{}},"/Users/Eric/Documents/UBC/Winter 2017/CPSC 410/git/MoodSwing/be/app/models/journalentry.js":{"path":"/Users/Eric/Documents/UBC/Winter 2017/CPSC 410/git/MoodSwing/be/app/models/journalentry.js","s":{"1":1,"2":1,"3":1,"4":1,"5":1,"6":1,"7":1},"b":{},"f":{},"fnMap":{},"statementMap":{"1":{"start":{"line":1,"column":0},"end":{"line":1,"column":35}},"2":{"start":{"line":2,"column":0},"end":{"line":2,"column":29}},"3":{"start":{"line":4,"column":0},"end":{"line":4,"column":27}},"4":{"start":{"line":6,"column":0},"end":{"line":12,"column":3}},"5":{"start":{"line":14,"column":0},"end":{"line":21,"column":3}},"6":{"start":{"line":23,"column":0},"end":{"line":32,"column":3}},"7":{"start":{"line":34,"column":0},"end":{"line":34,"column":62}}},"branchMap":{}},"/Users/Eric/Documents/UBC/Winter 2017/CPSC 410/git/MoodSwing/be/publicRoutes.js":{"path":"/Users/Eric/Documents/UBC/Winter 2017/CPSC 410/git/MoodSwing/be/publicRoutes.js","s":{"1":1,"2":1,"3":1,"4":1,"5":1,"6":1,"7":1,"8":1,"9":1,"10":1,"11":11,"12":11,"13":11,"14":11,"15":1,"16":10,"17":10,"18":1,"19":9,"20":9,"21":9,"22":9,"23":0,"24":1,"25":4,"26":4,"27":1,"28":3,"29":1,"30":2,"31":2,"32":1,"33":11,"34":1,"35":0,"36":0,"37":0,"38":0,"39":0,"40":0,"41":0,"42":0,"43":0,"44":0,"45":0,"46":0,"47":1,"48":0,"49":0,"50":0,"51":0,"52":0,"53":0,"54":0,"55":0,"56":0,"57":0,"58":0,"59":0,"60":1,"61":9,"62":9,"63":9,"64":1,"65":8,"66":8,"67":8,"68":90,"69":8,"70":8,"71":8,"72":8,"73":1,"74":12,"75":12,"76":12,"77":0,"78":12,"79":3,"80":3,"81":3,"82":12,"83":1,"84":0,"85":0,"86":0,"87":0,"88":0,"89":0,"90":0,"91":0,"92":0,"93":0,"94":0,"95":0,"96":0,"97":1,"98":0,"99":0,"100":0,"101":0,"102":0,"103":0,"104":0,"105":0,"106":0,"107":0,"108":0,"109":0,"110":0,"111":1,"112":1,"113":1,"114":1039,"115":458,"116":581,"117":581,"118":0,"119":1,"120":1,"121":1,"122":1,"123":1,"124":1,"125":0,"126":1,"127":1,"128":1,"129":0,"130":1,"131":1,"132":0,"133":1,"134":0,"135":1,"136":1},"b":{"1":[11,8],"2":[1,10],"3":[11,11],"4":[1,9],"5":[10,10],"6":[1,3],"7":[4,4],"8":[1,2],"9":[0,0],"10":[0,0],"11":[0,0],"12":[0,0],"13":[0,0],"14":[0,0],"15":[1,8],"16":[9,8],"17":[8,0],"18":[8,8],"19":[0,12],"20":[12,12],"21":[3,3,3],"22":[0,0],"23":[0,0],"24":[0,0],"25":[0,0,0],"26":[0,0],"27":[0,0],"28":[0,0],"29":[0,0,0],"30":[458,581],"31":[581,0],"32":[0,1],"33":[1,1],"34":[0,1],"35":[1,1]},"f":{"1":11,"2":10,"3":9,"4":0,"5":4,"6":4,"7":11,"8":0,"9":0,"10":9,"11":9,"12":90,"13":12,"14":12,"15":3,"16":0,"17":0,"18":1,"19":1,"20":1039,"21":1,"22":1,"23":1,"24":0,"25":0},"fnMap":{"1":{"name":"(anonymous_1)","line":17,"loc":{"start":{"line":17,"column":22},"end":{"line":17,"column":41}}},"2":{"name":"(anonymous_2)","line":28,"loc":{"start":{"line":28,"column":5},"end":{"line":28,"column":25}}},"3":{"name":"(anonymous_3)","line":40,"loc":{"start":{"line":40,"column":12},"end":{"line":40,"column":27}}},"4":{"name":"(anonymous_4)","line":44,"loc":{"start":{"line":44,"column":13},"end":{"line":44,"column":27}}},"5":{"name":"(anonymous_5)","line":50,"loc":{"start":{"line":50,"column":28},"end":{"line":50,"column":47}}},"6":{"name":"(anonymous_6)","line":54,"loc":{"start":{"line":54,"column":5},"end":{"line":54,"column":25}}},"7":{"name":"createToken","line":73,"loc":{"start":{"line":73,"column":0},"end":{"line":73,"column":27}}},"8":{"name":"(anonymous_8)","line":85,"loc":{"start":{"line":85,"column":23},"end":{"line":85,"column":43}}},"9":{"name":"(anonymous_9)","line":117,"loc":{"start":{"line":117,"column":18},"end":{"line":117,"column":38}}},"10":{"name":"(anonymous_10)","line":149,"loc":{"start":{"line":149,"column":31},"end":{"line":149,"column":50}}},"11":{"name":"(anonymous_11)","line":155,"loc":{"start":{"line":155,"column":2},"end":{"line":155,"column":26}}},"12":{"name":"(anonymous_12)","line":163,"loc":{"start":{"line":163,"column":70},"end":{"line":163,"column":85}}},"13":{"name":"(anonymous_13)","line":184,"loc":{"start":{"line":184,"column":39},"end":{"line":184,"column":58}}},"14":{"name":"(anonymous_14)","line":192,"loc":{"start":{"line":192,"column":5},"end":{"line":192,"column":35}}},"15":{"name":"(anonymous_15)","line":197,"loc":{"start":{"line":197,"column":44},"end":{"line":197,"column":58}}},"16":{"name":"(anonymous_16)","line":215,"loc":{"start":{"line":215,"column":5},"end":{"line":215,"column":26}}},"17":{"name":"(anonymous_17)","line":249,"loc":{"start":{"line":249,"column":5},"end":{"line":249,"column":26}}},"18":{"name":"(anonymous_18)","line":275,"loc":{"start":{"line":275,"column":21},"end":{"line":275,"column":40}}},"19":{"name":"(anonymous_19)","line":276,"loc":{"start":{"line":276,"column":61},"end":{"line":276,"column":84}}},"20":{"name":"(anonymous_20)","line":277,"loc":{"start":{"line":277,"column":32},"end":{"line":277,"column":55}}},"21":{"name":"(anonymous_21)","line":288,"loc":{"start":{"line":288,"column":32},"end":{"line":288,"column":51}}},"22":{"name":"(anonymous_22)","line":290,"loc":{"start":{"line":290,"column":56},"end":{"line":290,"column":77}}},"23":{"name":"(anonymous_23)","line":301,"loc":{"start":{"line":301,"column":33},"end":{"line":301,"column":67}}},"24":{"name":"(anonymous_24)","line":307,"loc":{"start":{"line":307,"column":38},"end":{"line":307,"column":66}}},"25":{"name":"(anonymous_25)","line":311,"loc":{"start":{"line":311,"column":34},"end":{"line":311,"column":52}}}},"statementMap":{"1":{"start":{"line":1,"column":0},"end":{"line":1,"column":35}},"2":{"start":{"line":2,"column":0},"end":{"line":2,"column":32}},"3":{"start":{"line":3,"column":0},"end":{"line":3,"column":36}},"4":{"start":{"line":4,"column":0},"end":{"line":4,"column":44}},"5":{"start":{"line":5,"column":0},"end":{"line":5,"column":60}},"6":{"start":{"line":6,"column":0},"end":{"line":6,"column":35}},"7":{"start":{"line":7,"column":0},"end":{"line":7,"column":37}},"8":{"start":{"line":8,"column":0},"end":{"line":8,"column":28}},"9":{"start":{"line":9,"column":0},"end":{"line":9,"column":48}},"10":{"start":{"line":17,"column":0},"end":{"line":48,"column":3}},"11":{"start":{"line":18,"column":2},"end":{"line":18,"column":35}},"12":{"start":{"line":19,"column":2},"end":{"line":19,"column":35}},"13":{"start":{"line":20,"column":2},"end":{"line":20,"column":47}},"14":{"start":{"line":22,"column":2},"end":{"line":24,"column":3}},"15":{"start":{"line":23,"column":4},"end":{"line":23,"column":102}},"16":{"start":{"line":26,"column":2},"end":{"line":47,"column":5}},"17":{"start":{"line":29,"column":4},"end":{"line":31,"column":5}},"18":{"start":{"line":30,"column":6},"end":{"line":30,"column":105}},"19":{"start":{"line":33,"column":4},"end":{"line":37,"column":7}},"20":{"start":{"line":39,"column":4},"end":{"line":46,"column":9}},"21":{"start":{"line":41,"column":8},"end":{"line":41,"column":37}},"22":{"start":{"line":42,"column":8},"end":{"line":42,"column":83}},"23":{"start":{"line":45,"column":8},"end":{"line":45,"column":75}},"24":{"start":{"line":50,"column":0},"end":{"line":71,"column":3}},"25":{"start":{"line":52,"column":2},"end":{"line":70,"column":5}},"26":{"start":{"line":55,"column":4},"end":{"line":57,"column":5}},"27":{"start":{"line":56,"column":6},"end":{"line":56,"column":108}},"28":{"start":{"line":59,"column":4},"end":{"line":61,"column":5}},"29":{"start":{"line":60,"column":6},"end":{"line":60,"column":109}},"30":{"start":{"line":63,"column":4},"end":{"line":63,"column":34}},"31":{"start":{"line":65,"column":4},"end":{"line":69,"column":7}},"32":{"start":{"line":73,"column":0},"end":{"line":77,"column":1}},"33":{"start":{"line":74,"column":2},"end":{"line":76,"column":5}},"34":{"start":{"line":79,"column":0},"end":{"line":109,"column":3}},"35":{"start":{"line":81,"column":2},"end":{"line":81,"column":37}},"36":{"start":{"line":83,"column":2},"end":{"line":108,"column":5}},"37":{"start":{"line":87,"column":4},"end":{"line":89,"column":5}},"38":{"start":{"line":88,"column":6},"end":{"line":88,"column":71}},"39":{"start":{"line":91,"column":4},"end":{"line":97,"column":5}},"40":{"start":{"line":92,"column":6},"end":{"line":95,"column":9}},"41":{"start":{"line":96,"column":6},"end":{"line":96,"column":23}},"42":{"start":{"line":99,"column":4},"end":{"line":99,"column":47}},"43":{"start":{"line":100,"column":4},"end":{"line":100,"column":52}},"44":{"start":{"line":102,"column":4},"end":{"line":102,"column":48}},"45":{"start":{"line":103,"column":4},"end":{"line":106,"column":7}},"46":{"start":{"line":107,"column":4},"end":{"line":107,"column":39}},"47":{"start":{"line":111,"column":0},"end":{"line":141,"column":3}},"48":{"start":{"line":113,"column":2},"end":{"line":113,"column":37}},"49":{"start":{"line":115,"column":2},"end":{"line":140,"column":5}},"50":{"start":{"line":119,"column":4},"end":{"line":121,"column":5}},"51":{"start":{"line":120,"column":6},"end":{"line":120,"column":71}},"52":{"start":{"line":123,"column":4},"end":{"line":129,"column":5}},"53":{"start":{"line":124,"column":6},"end":{"line":127,"column":9}},"54":{"start":{"line":128,"column":6},"end":{"line":128,"column":23}},"55":{"start":{"line":131,"column":4},"end":{"line":131,"column":42}},"56":{"start":{"line":132,"column":4},"end":{"line":132,"column":47}},"57":{"start":{"line":134,"column":4},"end":{"line":134,"column":48}},"58":{"start":{"line":135,"column":4},"end":{"line":138,"column":7}},"59":{"start":{"line":139,"column":4},"end":{"line":139,"column":39}},"60":{"start":{"line":149,"column":0},"end":{"line":175,"column":3}},"61":{"start":{"line":150,"column":2},"end":{"line":150,"column":37}},"62":{"start":{"line":152,"column":2},"end":{"line":174,"column":5}},"63":{"start":{"line":156,"column":4},"end":{"line":158,"column":5}},"64":{"start":{"line":157,"column":6},"end":{"line":157,"column":96}},"65":{"start":{"line":160,"column":4},"end":{"line":160,"column":35}},"66":{"start":{"line":162,"column":4},"end":{"line":169,"column":5}},"67":{"start":{"line":163,"column":6},"end":{"line":165,"column":20}},"68":{"start":{"line":164,"column":8},"end":{"line":164,"column":27}},"69":{"start":{"line":167,"column":6},"end":{"line":167,"column":73}},"70":{"start":{"line":168,"column":6},"end":{"line":168,"column":73}},"71":{"start":{"line":171,"column":4},"end":{"line":171,"column":38}},"72":{"start":{"line":173,"column":4},"end":{"line":173,"column":52}},"73":{"start":{"line":184,"column":0},"end":{"line":205,"column":3}},"74":{"start":{"line":185,"column":2},"end":{"line":185,"column":37}},"75":{"start":{"line":187,"column":2},"end":{"line":204,"column":5}},"76":{"start":{"line":193,"column":4},"end":{"line":195,"column":5}},"77":{"start":{"line":194,"column":6},"end":{"line":194,"column":48}},"78":{"start":{"line":197,"column":4},"end":{"line":201,"column":17}},"79":{"start":{"line":198,"column":6},"end":{"line":198,"column":33}},"80":{"start":{"line":199,"column":6},"end":{"line":199,"column":33}},"81":{"start":{"line":200,"column":6},"end":{"line":200,"column":55}},"82":{"start":{"line":203,"column":4},"end":{"line":203,"column":57}},"83":{"start":{"line":207,"column":0},"end":{"line":239,"column":3}},"84":{"start":{"line":209,"column":2},"end":{"line":209,"column":39}},"85":{"start":{"line":211,"column":2},"end":{"line":238,"column":5}},"86":{"start":{"line":216,"column":4},"end":{"line":218,"column":5}},"87":{"start":{"line":217,"column":6},"end":{"line":217,"column":73}},"88":{"start":{"line":220,"column":4},"end":{"line":226,"column":5}},"89":{"start":{"line":221,"column":6},"end":{"line":224,"column":9}},"90":{"start":{"line":225,"column":6},"end":{"line":225,"column":23}},"91":{"start":{"line":228,"column":4},"end":{"line":228,"column":36}},"92":{"start":{"line":229,"column":4},"end":{"line":229,"column":41}},"93":{"start":{"line":230,"column":4},"end":{"line":230,"column":46}},"94":{"start":{"line":232,"column":4},"end":{"line":232,"column":48}},"95":{"start":{"line":233,"column":4},"end":{"line":236,"column":7}},"96":{"start":{"line":237,"column":4},"end":{"line":237,"column":39}},"97":{"start":{"line":241,"column":0},"end":{"line":273,"column":3}},"98":{"start":{"line":243,"column":2},"end":{"line":243,"column":39}},"99":{"start":{"line":245,"column":2},"end":{"line":272,"column":5}},"100":{"start":{"line":250,"column":4},"end":{"line":252,"column":5}},"101":{"start":{"line":251,"column":6},"end":{"line":251,"column":73}},"102":{"start":{"line":254,"column":4},"end":{"line":260,"column":5}},"103":{"start":{"line":255,"column":6},"end":{"line":258,"column":9}},"104":{"start":{"line":259,"column":6},"end":{"line":259,"column":23}},"105":{"start":{"line":262,"column":4},"end":{"line":262,"column":36}},"106":{"start":{"line":263,"column":4},"end":{"line":263,"column":45}},"107":{"start":{"line":264,"column":4},"end":{"line":264,"column":50}},"108":{"start":{"line":266,"column":4},"end":{"line":266,"column":48}},"109":{"start":{"line":267,"column":4},"end":{"line":270,"column":7}},"110":{"start":{"line":271,"column":4},"end":{"line":271,"column":39}},"111":{"start":{"line":275,"column":0},"end":{"line":286,"column":3}},"112":{"start":{"line":276,"column":2},"end":{"line":285,"column":5}},"113":{"start":{"line":277,"column":4},"end":{"line":283,"column":7}},"114":{"start":{"line":278,"column":6},"end":{"line":279,"column":18}},"115":{"start":{"line":279,"column":8},"end":{"line":279,"column":18}},"116":{"start":{"line":280,"column":6},"end":{"line":281,"column":17}},"117":{"start":{"line":281,"column":8},"end":{"line":281,"column":17}},"118":{"start":{"line":282,"column":6},"end":{"line":282,"column":15}},"119":{"start":{"line":284,"column":4},"end":{"line":284,"column":52}},"120":{"start":{"line":288,"column":0},"end":{"line":319,"column":3}},"121":{"start":{"line":289,"column":2},"end":{"line":289,"column":35}},"122":{"start":{"line":290,"column":2},"end":{"line":318,"column":5}},"123":{"start":{"line":291,"column":4},"end":{"line":291,"column":29}},"124":{"start":{"line":293,"column":4},"end":{"line":295,"column":5}},"125":{"start":{"line":294,"column":6},"end":{"line":294,"column":99}},"126":{"start":{"line":297,"column":4},"end":{"line":297,"column":56}},"127":{"start":{"line":299,"column":4},"end":{"line":317,"column":6}},"128":{"start":{"line":302,"column":8},"end":{"line":304,"column":9}},"129":{"start":{"line":303,"column":10},"end":{"line":303,"column":104}},"130":{"start":{"line":306,"column":8},"end":{"line":306,"column":41}},"131":{"start":{"line":307,"column":8},"end":{"line":309,"column":11}},"132":{"start":{"line":308,"column":10},"end":{"line":308,"column":94}},"133":{"start":{"line":311,"column":8},"end":{"line":313,"column":11}},"134":{"start":{"line":312,"column":10},"end":{"line":312,"column":75}},"135":{"start":{"line":315,"column":8},"end":{"line":315,"column":53}},"136":{"start":{"line":328,"column":1},"end":{"line":328,"column":25}}},"branchMap":{"1":{"line":20,"type":"binary-expr","locations":[{"start":{"line":20,"column":20},"end":{"line":20,"column":40}},{"start":{"line":20,"column":44},"end":{"line":20,"column":46}}]},"2":{"line":22,"type":"if","locations":[{"start":{"line":22,"column":2},"end":{"line":22,"column":2}},{"start":{"line":22,"column":2},"end":{"line":22,"column":2}}]},"3":{"line":22,"type":"binary-expr","locations":[{"start":{"line":22,"column":6},"end":{"line":22,"column":15}},{"start":{"line":22,"column":19},"end":{"line":22,"column":28}}]},"4":{"line":29,"type":"if","locations":[{"start":{"line":29,"column":4},"end":{"line":29,"column":4}},{"start":{"line":29,"column":4},"end":{"line":29,"column":4}}]},"5":{"line":29,"type":"binary-expr","locations":[{"start":{"line":29,"column":8},"end":{"line":29,"column":11}},{"start":{"line":29,"column":15},"end":{"line":29,"column":19}}]},"6":{"line":55,"type":"if","locations":[{"start":{"line":55,"column":4},"end":{"line":55,"column":4}},{"start":{"line":55,"column":4},"end":{"line":55,"column":4}}]},"7":{"line":55,"type":"binary-expr","locations":[{"start":{"line":55,"column":8},"end":{"line":55,"column":11}},{"start":{"line":55,"column":15},"end":{"line":55,"column":20}}]},"8":{"line":59,"type":"if","locations":[{"start":{"line":59,"column":4},"end":{"line":59,"column":4}},{"start":{"line":59,"column":4},"end":{"line":59,"column":4}}]},"9":{"line":87,"type":"if","locations":[{"start":{"line":87,"column":4},"end":{"line":87,"column":4}},{"start":{"line":87,"column":4},"end":{"line":87,"column":4}}]},"10":{"line":87,"type":"binary-expr","locations":[{"start":{"line":87,"column":8},"end":{"line":87,"column":11}},{"start":{"line":87,"column":15},"end":{"line":87,"column":20}}]},"11":{"line":91,"type":"if","locations":[{"start":{"line":91,"column":4},"end":{"line":91,"column":4}},{"start":{"line":91,"column":4},"end":{"line":91,"column":4}}]},"12":{"line":119,"type":"if","locations":[{"start":{"line":119,"column":4},"end":{"line":119,"column":4}},{"start":{"line":119,"column":4},"end":{"line":119,"column":4}}]},"13":{"line":119,"type":"binary-expr","locations":[{"start":{"line":119,"column":8},"end":{"line":119,"column":11}},{"start":{"line":119,"column":15},"end":{"line":119,"column":20}}]},"14":{"line":123,"type":"if","locations":[{"start":{"line":123,"column":4},"end":{"line":123,"column":4}},{"start":{"line":123,"column":4},"end":{"line":123,"column":4}}]},"15":{"line":156,"type":"if","locations":[{"start":{"line":156,"column":4},"end":{"line":156,"column":4}},{"start":{"line":156,"column":4},"end":{"line":156,"column":4}}]},"16":{"line":156,"type":"binary-expr","locations":[{"start":{"line":156,"column":8},"end":{"line":156,"column":17}},{"start":{"line":156,"column":21},"end":{"line":156,"column":24}}]},"17":{"line":162,"type":"if","locations":[{"start":{"line":162,"column":4},"end":{"line":162,"column":4}},{"start":{"line":162,"column":4},"end":{"line":162,"column":4}}]},"18":{"line":162,"type":"binary-expr","locations":[{"start":{"line":162,"column":8},"end":{"line":162,"column":29}},{"start":{"line":162,"column":33},"end":{"line":162,"column":73}}]},"19":{"line":193,"type":"if","locations":[{"start":{"line":193,"column":4},"end":{"line":193,"column":4}},{"start":{"line":193,"column":4},"end":{"line":193,"column":4}}]},"20":{"line":193,"type":"binary-expr","locations":[{"start":{"line":193,"column":8},"end":{"line":193,"column":11}},{"start":{"line":193,"column":15},"end":{"line":193,"column":30}}]},"21":{"line":200,"type":"binary-expr","locations":[{"start":{"line":200,"column":13},"end":{"line":200,"column":24}},{"start":{"line":200,"column":28},"end":{"line":200,"column":39}},{"start":{"line":200,"column":43},"end":{"line":200,"column":54}}]},"22":{"line":216,"type":"if","locations":[{"start":{"line":216,"column":4},"end":{"line":216,"column":4}},{"start":{"line":216,"column":4},"end":{"line":216,"column":4}}]},"23":{"line":216,"type":"binary-expr","locations":[{"start":{"line":216,"column":8},"end":{"line":216,"column":11}},{"start":{"line":216,"column":15},"end":{"line":216,"column":21}}]},"24":{"line":220,"type":"if","locations":[{"start":{"line":220,"column":4},"end":{"line":220,"column":4}},{"start":{"line":220,"column":4},"end":{"line":220,"column":4}}]},"25":{"line":220,"type":"binary-expr","locations":[{"start":{"line":220,"column":8},"end":{"line":220,"column":26}},{"start":{"line":220,"column":30},"end":{"line":220,"column":54}},{"start":{"line":220,"column":58},"end":{"line":220,"column":87}}]},"26":{"line":250,"type":"if","locations":[{"start":{"line":250,"column":4},"end":{"line":250,"column":4}},{"start":{"line":250,"column":4},"end":{"line":250,"column":4}}]},"27":{"line":250,"type":"binary-expr","locations":[{"start":{"line":250,"column":8},"end":{"line":250,"column":11}},{"start":{"line":250,"column":15},"end":{"line":250,"column":21}}]},"28":{"line":254,"type":"if","locations":[{"start":{"line":254,"column":4},"end":{"line":254,"column":4}},{"start":{"line":254,"column":4},"end":{"line":254,"column":4}}]},"29":{"line":254,"type":"binary-expr","locations":[{"start":{"line":254,"column":8},"end":{"line":254,"column":26}},{"start":{"line":254,"column":30},"end":{"line":254,"column":58}},{"start":{"line":254,"column":62},"end":{"line":254,"column":95}}]},"30":{"line":278,"type":"if","locations":[{"start":{"line":278,"column":6},"end":{"line":278,"column":6}},{"start":{"line":278,"column":6},"end":{"line":278,"column":6}}]},"31":{"line":280,"type":"if","locations":[{"start":{"line":280,"column":6},"end":{"line":280,"column":6}},{"start":{"line":280,"column":6},"end":{"line":280,"column":6}}]},"32":{"line":293,"type":"if","locations":[{"start":{"line":293,"column":4},"end":{"line":293,"column":4}},{"start":{"line":293,"column":4},"end":{"line":293,"column":4}}]},"33":{"line":293,"type":"binary-expr","locations":[{"start":{"line":293,"column":8},"end":{"line":293,"column":11}},{"start":{"line":293,"column":15},"end":{"line":293,"column":21}}]},"34":{"line":302,"type":"if","locations":[{"start":{"line":302,"column":8},"end":{"line":302,"column":8}},{"start":{"line":302,"column":8},"end":{"line":302,"column":8}}]},"35":{"line":302,"type":"binary-expr","locations":[{"start":{"line":302,"column":12},"end":{"line":302,"column":15}},{"start":{"line":302,"column":19},"end":{"line":302,"column":38}}]}}}}