{"/Users/Eric/Documents/UBC/Winter 2017/CPSC 410/git/MoodSwing/be/server.js":{"path":"/Users/Eric/Documents/UBC/Winter 2017/CPSC 410/git/MoodSwing/be/server.js","s":{"1":1,"2":1,"3":1,"4":1,"5":1,"6":1,"7":1,"8":1,"9":1,"10":1,"11":1,"12":1,"13":1,"14":1,"15":1,"16":1,"17":1,"18":1,"19":1,"20":1,"21":0,"22":0,"23":1,"24":1,"25":1},"b":{"1":[1,1],"2":[0,1]},"f":{"1":1},"fnMap":{"1":{"name":"(anonymous_1)","line":23,"loc":{"start":{"line":23,"column":34},"end":{"line":23,"column":52}}}},"statementMap":{"1":{"start":{"line":1,"column":0},"end":{"line":1,"column":35}},"2":{"start":{"line":2,"column":0},"end":{"line":2,"column":22}},"3":{"start":{"line":3,"column":0},"end":{"line":3,"column":41}},"4":{"start":{"line":4,"column":0},"end":{"line":4,"column":28}},"5":{"start":{"line":5,"column":0},"end":{"line":5,"column":38}},"6":{"start":{"line":6,"column":0},"end":{"line":6,"column":51}},"7":{"start":{"line":7,"column":0},"end":{"line":7,"column":37}},"8":{"start":{"line":8,"column":0},"end":{"line":8,"column":33}},"9":{"start":{"line":9,"column":0},"end":{"line":9,"column":35}},"10":{"start":{"line":10,"column":0},"end":{"line":10,"column":32}},"11":{"start":{"line":11,"column":0},"end":{"line":11,"column":61}},"12":{"start":{"line":12,"column":0},"end":{"line":12,"column":47}},"13":{"start":{"line":13,"column":0},"end":{"line":13,"column":44}},"14":{"start":{"line":15,"column":0},"end":{"line":15,"column":49}},"15":{"start":{"line":16,"column":0},"end":{"line":16,"column":27}},"16":{"start":{"line":17,"column":0},"end":{"line":17,"column":23}},"17":{"start":{"line":19,"column":0},"end":{"line":19,"column":29}},"18":{"start":{"line":20,"column":0},"end":{"line":20,"column":22}},"19":{"start":{"line":23,"column":0},"end":{"line":31,"column":3}},"20":{"start":{"line":24,"column":2},"end":{"line":27,"column":3}},"21":{"start":{"line":25,"column":4},"end":{"line":25,"column":89}},"22":{"start":{"line":26,"column":4},"end":{"line":26,"column":11}},"23":{"start":{"line":28,"column":2},"end":{"line":30,"column":5}},"24":{"start":{"line":29,"column":4},"end":{"line":29,"column":40}},"25":{"start":{"line":33,"column":0},"end":{"line":33,"column":21}}},"branchMap":{"1":{"line":5,"type":"binary-expr","locations":[{"start":{"line":5,"column":13},"end":{"line":5,"column":29}},{"start":{"line":5,"column":33},"end":{"line":5,"column":37}}]},"2":{"line":24,"type":"if","locations":[{"start":{"line":24,"column":2},"end":{"line":24,"column":2}},{"start":{"line":24,"column":2},"end":{"line":24,"column":2}}]}}},"/Users/Eric/Documents/UBC/Winter 2017/CPSC 410/git/MoodSwing/be/config.js":{"path":"/Users/Eric/Documents/UBC/Winter 2017/CPSC 410/git/MoodSwing/be/config.js","s":{"1":1},"b":{},"f":{},"fnMap":{},"statementMap":{"1":{"start":{"line":1,"column":0},"end":{"line":4,"column":2}}},"branchMap":{}},"/Users/Eric/Documents/UBC/Winter 2017/CPSC 410/git/MoodSwing/be/authenticatedRoutes.js":{"path":"/Users/Eric/Documents/UBC/Winter 2017/CPSC 410/git/MoodSwing/be/authenticatedRoutes.js","s":{"1":1,"2":1,"3":1,"4":1,"5":1,"6":1,"7":1,"8":1,"9":1,"10":1,"11":1,"12":1,"13":1,"14":1,"15":1,"16":0,"17":0,"18":0,"19":0,"20":0,"21":0,"22":0,"23":0,"24":1,"25":0,"26":0,"27":1,"28":1,"29":0,"30":0,"31":0,"32":0,"33":0,"34":0,"35":0,"36":0,"37":0,"38":0,"39":0,"40":0,"41":0,"42":0,"43":0,"44":0,"45":0,"46":1,"47":0,"48":0,"49":0,"50":0,"51":0,"52":0,"53":0,"54":0,"55":0,"56":0,"57":0,"58":0,"59":0,"60":0,"61":0,"62":0,"63":0,"64":0,"65":0,"66":1,"67":0,"68":0,"69":0,"70":0,"71":0,"72":0,"73":0,"74":0,"75":0,"76":0,"77":0,"78":0,"79":0,"80":0,"81":0,"82":0,"83":0,"84":0,"85":0,"86":1,"87":0,"88":0,"89":0,"90":0,"91":0,"92":0,"93":0,"94":0,"95":0,"96":0,"97":0,"98":0,"99":0,"100":0,"101":0,"102":0,"103":0,"104":0,"105":0,"106":0,"107":1,"108":0,"109":0,"110":0,"111":0,"112":0,"113":0,"114":1,"115":0,"116":0,"117":0,"118":0,"119":0,"120":0,"121":0,"122":0,"123":1,"124":0,"125":0,"126":1,"127":0,"128":0,"129":0,"130":0,"131":0,"132":0,"133":0,"134":0,"135":0,"136":0,"137":1,"138":0,"139":0,"140":0,"141":0,"142":0,"143":0,"144":0,"145":0,"146":0,"147":0,"148":0,"149":0,"150":0,"151":0,"152":1,"153":0,"154":0,"155":0,"156":1,"157":0,"158":0,"159":0,"160":0,"161":0,"162":0,"163":1,"164":0,"165":0,"166":0,"167":0,"168":0,"169":0,"170":0,"171":1,"172":0,"173":0,"174":0,"175":0,"176":0,"177":0,"178":0,"179":0,"180":0,"181":0,"182":0,"183":1,"184":0,"185":0,"186":0,"187":0,"188":0,"189":0,"190":0,"191":0,"192":1,"193":0,"194":0,"195":0,"196":0,"197":0,"198":0,"199":0,"200":0,"201":0,"202":0,"203":0,"204":0,"205":0,"206":0,"207":1,"208":0,"209":0,"210":0,"211":0,"212":0,"213":0,"214":0,"215":0,"216":0,"217":1,"218":0,"219":0,"220":0,"221":0,"222":0,"223":0,"224":0,"225":0,"226":1},"b":{"1":[0,0],"2":[0,0],"3":[0,0],"4":[0,0],"5":[0,0,0,0,0,0],"6":[0,0],"7":[0,0],"8":[0,0],"9":[0,0],"10":[0,0],"11":[0,0],"12":[0,0],"13":[0,0],"14":[0,0],"15":[0,0],"16":[0,0],"17":[0,0],"18":[0,0,0,0,0,0],"19":[0,0],"20":[0,0],"21":[0,0],"22":[0,0],"23":[0,0],"24":[0,0],"25":[0,0],"26":[0,0],"27":[0,0],"28":[0,0],"29":[0,0],"30":[0,0],"31":[0,0],"32":[0,0],"33":[0,0],"34":[0,0],"35":[0,0],"36":[0,0],"37":[0,0],"38":[0,0],"39":[0,0],"40":[0,0],"41":[0,0],"42":[0,0],"43":[0,0],"44":[0,0],"45":[0,0],"46":[0,0],"47":[0,0],"48":[0,0],"49":[0,0]},"f":{"1":0,"2":0,"3":0,"4":0,"5":0,"6":0,"7":0,"8":0,"9":0,"10":0,"11":0,"12":0,"13":0,"14":0,"15":0,"16":0,"17":0,"18":0,"19":0,"20":0,"21":0,"22":0,"23":0,"24":0,"25":0,"26":0,"27":0,"28":0,"29":0,"30":0,"31":0,"32":0,"33":0,"34":0,"35":0,"36":0,"37":0,"38":0,"39":0,"40":0,"41":0,"42":0,"43":0,"44":0,"45":0,"46":0,"47":0,"48":0,"49":0,"50":0,"51":0,"52":0,"53":0,"54":0,"55":0,"56":0,"57":0,"58":0,"59":0,"60":0,"61":0},"fnMap":{"1":{"name":"(anonymous_1)","line":24,"loc":{"start":{"line":24,"column":1},"end":{"line":24,"column":26}}},"2":{"name":"(anonymous_2)","line":28,"loc":{"start":{"line":28,"column":36},"end":{"line":28,"column":59}}},"3":{"name":"(anonymous_3)","line":51,"loc":{"start":{"line":51,"column":23},"end":{"line":51,"column":42}}},"4":{"name":"(anonymous_4)","line":81,"loc":{"start":{"line":81,"column":19},"end":{"line":81,"column":51}}},"5":{"name":"(anonymous_5)","line":89,"loc":{"start":{"line":89,"column":6},"end":{"line":89,"column":26}}},"6":{"name":"(anonymous_6)","line":98,"loc":{"start":{"line":98,"column":13},"end":{"line":98,"column":28}}},"7":{"name":"(anonymous_7)","line":101,"loc":{"start":{"line":101,"column":14},"end":{"line":101,"column":28}}},"8":{"name":"(anonymous_8)","line":121,"loc":{"start":{"line":121,"column":5},"end":{"line":121,"column":25}}},"9":{"name":"(anonymous_9)","line":139,"loc":{"start":{"line":139,"column":11},"end":{"line":139,"column":26}}},"10":{"name":"(anonymous_10)","line":142,"loc":{"start":{"line":142,"column":12},"end":{"line":142,"column":26}}},"11":{"name":"(anonymous_11)","line":155,"loc":{"start":{"line":155,"column":60},"end":{"line":155,"column":79}}},"12":{"name":"(anonymous_12)","line":185,"loc":{"start":{"line":185,"column":20},"end":{"line":185,"column":52}}},"13":{"name":"makeEntry","line":197,"loc":{"start":{"line":197,"column":0},"end":{"line":197,"column":41}}},"14":{"name":"(anonymous_14)","line":206,"loc":{"start":{"line":206,"column":5},"end":{"line":206,"column":26}}},"15":{"name":"(anonymous_15)","line":211,"loc":{"start":{"line":211,"column":10},"end":{"line":211,"column":24}}},"16":{"name":"(anonymous_16)","line":216,"loc":{"start":{"line":216,"column":11},"end":{"line":216,"column":25}}},"17":{"name":"(anonymous_17)","line":229,"loc":{"start":{"line":229,"column":10},"end":{"line":229,"column":34}}},"18":{"name":"(anonymous_18)","line":234,"loc":{"start":{"line":234,"column":12},"end":{"line":234,"column":26}}},"19":{"name":"notifyFollowers","line":242,"loc":{"start":{"line":242,"column":0},"end":{"line":242,"column":44}}},"20":{"name":"(anonymous_20)","line":245,"loc":{"start":{"line":245,"column":17},"end":{"line":245,"column":41}}},"21":{"name":"(anonymous_21)","line":261,"loc":{"start":{"line":261,"column":5},"end":{"line":261,"column":25}}},"22":{"name":"incrementEmotionCount","line":267,"loc":{"start":{"line":267,"column":0},"end":{"line":267,"column":60}}},"23":{"name":"(anonymous_23)","line":279,"loc":{"start":{"line":279,"column":28},"end":{"line":279,"column":48}}},"24":{"name":"(anonymous_24)","line":286,"loc":{"start":{"line":286,"column":34},"end":{"line":286,"column":53}}},"25":{"name":"(anonymous_25)","line":291,"loc":{"start":{"line":291,"column":46},"end":{"line":291,"column":65}}},"26":{"name":"(anonymous_26)","line":295,"loc":{"start":{"line":295,"column":32},"end":{"line":295,"column":53}}},"27":{"name":"(anonymous_27)","line":301,"loc":{"start":{"line":301,"column":12},"end":{"line":301,"column":24}}},"28":{"name":"(anonymous_28)","line":302,"loc":{"start":{"line":302,"column":30},"end":{"line":302,"column":48}}},"29":{"name":"(anonymous_29)","line":307,"loc":{"start":{"line":307,"column":13},"end":{"line":307,"column":27}}},"30":{"name":"(anonymous_30)","line":313,"loc":{"start":{"line":313,"column":49},"end":{"line":313,"column":68}}},"31":{"name":"(anonymous_31)","line":319,"loc":{"start":{"line":319,"column":4},"end":{"line":319,"column":25}}},"32":{"name":"(anonymous_32)","line":326,"loc":{"start":{"line":326,"column":10},"end":{"line":326,"column":22}}},"33":{"name":"(anonymous_33)","line":330,"loc":{"start":{"line":330,"column":11},"end":{"line":330,"column":25}}},"34":{"name":"(anonymous_34)","line":335,"loc":{"start":{"line":335,"column":10},"end":{"line":335,"column":21}}},"35":{"name":"(anonymous_35)","line":339,"loc":{"start":{"line":339,"column":11},"end":{"line":339,"column":25}}},"36":{"name":"findCaptureByIdAndDecrementEmotion","line":346,"loc":{"start":{"line":346,"column":0},"end":{"line":346,"column":72}}},"37":{"name":"(anonymous_37)","line":347,"loc":{"start":{"line":347,"column":27},"end":{"line":347,"column":45}}},"38":{"name":"(anonymous_38)","line":354,"loc":{"start":{"line":354,"column":43},"end":{"line":354,"column":62}}},"39":{"name":"(anonymous_39)","line":360,"loc":{"start":{"line":360,"column":4},"end":{"line":360,"column":26}}},"40":{"name":"(anonymous_40)","line":369,"loc":{"start":{"line":369,"column":46},"end":{"line":369,"column":65}}},"41":{"name":"(anonymous_41)","line":379,"loc":{"start":{"line":379,"column":4},"end":{"line":379,"column":25}}},"42":{"name":"(anonymous_42)","line":394,"loc":{"start":{"line":394,"column":42},"end":{"line":394,"column":61}}},"43":{"name":"(anonymous_43)","line":401,"loc":{"start":{"line":401,"column":33},"end":{"line":401,"column":54}}},"44":{"name":"(anonymous_44)","line":409,"loc":{"start":{"line":409,"column":10},"end":{"line":409,"column":25}}},"45":{"name":"(anonymous_45)","line":412,"loc":{"start":{"line":412,"column":11},"end":{"line":412,"column":25}}},"46":{"name":"(anonymous_46)","line":418,"loc":{"start":{"line":418,"column":38},"end":{"line":418,"column":57}}},"47":{"name":"(anonymous_47)","line":425,"loc":{"start":{"line":425,"column":5},"end":{"line":425,"column":26}}},"48":{"name":"(anonymous_48)","line":431,"loc":{"start":{"line":431,"column":9},"end":{"line":431,"column":20}}},"49":{"name":"(anonymous_49)","line":434,"loc":{"start":{"line":434,"column":10},"end":{"line":434,"column":24}}},"50":{"name":"(anonymous_50)","line":446,"loc":{"start":{"line":446,"column":39},"end":{"line":446,"column":58}}},"51":{"name":"(anonymous_51)","line":452,"loc":{"start":{"line":452,"column":4},"end":{"line":452,"column":31}}},"52":{"name":"(anonymous_52)","line":459,"loc":{"start":{"line":459,"column":5},"end":{"line":459,"column":33}}},"53":{"name":"(anonymous_53)","line":468,"loc":{"start":{"line":468,"column":10},"end":{"line":468,"column":24}}},"54":{"name":"(anonymous_54)","line":471,"loc":{"start":{"line":471,"column":10},"end":{"line":471,"column":25}}},"55":{"name":"(anonymous_55)","line":474,"loc":{"start":{"line":474,"column":12},"end":{"line":474,"column":26}}},"56":{"name":"(anonymous_56)","line":481,"loc":{"start":{"line":481,"column":41},"end":{"line":481,"column":60}}},"57":{"name":"(anonymous_57)","line":487,"loc":{"start":{"line":487,"column":46},"end":{"line":487,"column":65}}},"58":{"name":"(anonymous_58)","line":494,"loc":{"start":{"line":494,"column":44},"end":{"line":494,"column":63}}},"59":{"name":"(anonymous_59)","line":510,"loc":{"start":{"line":510,"column":40},"end":{"line":510,"column":59}}},"60":{"name":"(anonymous_60)","line":515,"loc":{"start":{"line":515,"column":21},"end":{"line":515,"column":45}}},"61":{"name":"(anonymous_61)","line":526,"loc":{"start":{"line":526,"column":5},"end":{"line":526,"column":24}}}},"statementMap":{"1":{"start":{"line":1,"column":0},"end":{"line":1,"column":35}},"2":{"start":{"line":2,"column":0},"end":{"line":2,"column":32}},"3":{"start":{"line":3,"column":0},"end":{"line":3,"column":36}},"4":{"start":{"line":4,"column":0},"end":{"line":4,"column":44}},"5":{"start":{"line":5,"column":0},"end":{"line":5,"column":60}},"6":{"start":{"line":6,"column":0},"end":{"line":6,"column":35}},"7":{"start":{"line":7,"column":0},"end":{"line":7,"column":33}},"8":{"start":{"line":8,"column":0},"end":{"line":8,"column":37}},"9":{"start":{"line":9,"column":0},"end":{"line":9,"column":25}},"10":{"start":{"line":10,"column":0},"end":{"line":10,"column":28}},"11":{"start":{"line":11,"column":0},"end":{"line":11,"column":48}},"12":{"start":{"line":13,"column":0},"end":{"line":13,"column":16}},"13":{"start":{"line":14,"column":0},"end":{"line":14,"column":17}},"14":{"start":{"line":15,"column":0},"end":{"line":15,"column":65}},"15":{"start":{"line":23,"column":0},"end":{"line":43,"column":3}},"16":{"start":{"line":25,"column":2},"end":{"line":25,"column":62}},"17":{"start":{"line":27,"column":2},"end":{"line":42,"column":3}},"18":{"start":{"line":28,"column":3},"end":{"line":35,"column":6}},"19":{"start":{"line":29,"column":4},"end":{"line":31,"column":5}},"20":{"start":{"line":30,"column":5},"end":{"line":30,"column":83}},"21":{"start":{"line":33,"column":4},"end":{"line":33,"column":36}},"22":{"start":{"line":34,"column":4},"end":{"line":34,"column":11}},"23":{"start":{"line":38,"column":3},"end":{"line":41,"column":6}},"24":{"start":{"line":51,"column":0},"end":{"line":54,"column":3}},"25":{"start":{"line":52,"column":1},"end":{"line":52,"column":27}},"26":{"start":{"line":53,"column":1},"end":{"line":53,"column":63}},"27":{"start":{"line":57,"column":0},"end":{"line":57,"column":59}},"28":{"start":{"line":59,"column":0},"end":{"line":106,"column":3}},"29":{"start":{"line":61,"column":2},"end":{"line":61,"column":30}},"30":{"start":{"line":63,"column":1},"end":{"line":65,"column":2}},"31":{"start":{"line":64,"column":2},"end":{"line":64,"column":96}},"32":{"start":{"line":67,"column":1},"end":{"line":76,"column":2}},"33":{"start":{"line":73,"column":3},"end":{"line":73,"column":9}},"34":{"start":{"line":75,"column":3},"end":{"line":75,"column":117}},"35":{"start":{"line":78,"column":1},"end":{"line":105,"column":5}},"36":{"start":{"line":83,"column":4},"end":{"line":85,"column":5}},"37":{"start":{"line":84,"column":4},"end":{"line":84,"column":106}},"38":{"start":{"line":87,"column":3},"end":{"line":104,"column":6}},"39":{"start":{"line":90,"column":4},"end":{"line":92,"column":5}},"40":{"start":{"line":91,"column":5},"end":{"line":91,"column":97}},"41":{"start":{"line":94,"column":4},"end":{"line":94,"column":82}},"42":{"start":{"line":95,"column":4},"end":{"line":95,"column":72}},"43":{"start":{"line":97,"column":4},"end":{"line":103,"column":10}},"44":{"start":{"line":99,"column":9},"end":{"line":99,"column":66}},"45":{"start":{"line":102,"column":9},"end":{"line":102,"column":76}},"46":{"start":{"line":108,"column":0},"end":{"line":146,"column":3}},"47":{"start":{"line":109,"column":1},"end":{"line":109,"column":29}},"48":{"start":{"line":110,"column":1},"end":{"line":110,"column":40}},"49":{"start":{"line":111,"column":1},"end":{"line":111,"column":40}},"50":{"start":{"line":112,"column":1},"end":{"line":112,"column":46}},"51":{"start":{"line":114,"column":1},"end":{"line":116,"column":2}},"52":{"start":{"line":115,"column":2},"end":{"line":115,"column":99}},"53":{"start":{"line":118,"column":2},"end":{"line":145,"column":4}},"54":{"start":{"line":122,"column":2},"end":{"line":124,"column":3}},"55":{"start":{"line":123,"column":3},"end":{"line":123,"column":106}},"56":{"start":{"line":126,"column":2},"end":{"line":126,"column":29}},"57":{"start":{"line":128,"column":2},"end":{"line":131,"column":3}},"58":{"start":{"line":129,"column":3},"end":{"line":129,"column":31}},"59":{"start":{"line":130,"column":3},"end":{"line":130,"column":36}},"60":{"start":{"line":133,"column":2},"end":{"line":136,"column":3}},"61":{"start":{"line":134,"column":3},"end":{"line":134,"column":37}},"62":{"start":{"line":135,"column":3},"end":{"line":135,"column":38}},"63":{"start":{"line":138,"column":2},"end":{"line":144,"column":8}},"64":{"start":{"line":140,"column":7},"end":{"line":140,"column":122}},"65":{"start":{"line":143,"column":7},"end":{"line":143,"column":106}},"66":{"start":{"line":155,"column":0},"end":{"line":195,"column":3}},"67":{"start":{"line":156,"column":1},"end":{"line":156,"column":29}},"68":{"start":{"line":157,"column":1},"end":{"line":157,"column":26}},"69":{"start":{"line":158,"column":1},"end":{"line":158,"column":40}},"70":{"start":{"line":159,"column":1},"end":{"line":159,"column":40}},"71":{"start":{"line":160,"column":1},"end":{"line":160,"column":21}},"72":{"start":{"line":162,"column":1},"end":{"line":162,"column":57}},"73":{"start":{"line":164,"column":1},"end":{"line":194,"column":2}},"74":{"start":{"line":165,"column":2},"end":{"line":167,"column":3}},"75":{"start":{"line":166,"column":3},"end":{"line":166,"column":97}},"76":{"start":{"line":169,"column":2},"end":{"line":178,"column":3}},"77":{"start":{"line":175,"column":4},"end":{"line":175,"column":10}},"78":{"start":{"line":177,"column":4},"end":{"line":177,"column":118}},"79":{"start":{"line":180,"column":2},"end":{"line":180,"column":77}},"80":{"start":{"line":182,"column":2},"end":{"line":191,"column":6}},"81":{"start":{"line":186,"column":4},"end":{"line":188,"column":5}},"82":{"start":{"line":187,"column":5},"end":{"line":187,"column":103}},"83":{"start":{"line":189,"column":4},"end":{"line":189,"column":78}},"84":{"start":{"line":190,"column":4},"end":{"line":190,"column":36}},"85":{"start":{"line":193,"column":2},"end":{"line":193,"column":34}},"86":{"start":{"line":197,"column":0},"end":{"line":240,"column":1}},"87":{"start":{"line":198,"column":1},"end":{"line":198,"column":29}},"88":{"start":{"line":199,"column":1},"end":{"line":199,"column":26}},"89":{"start":{"line":200,"column":1},"end":{"line":200,"column":40}},"90":{"start":{"line":201,"column":1},"end":{"line":201,"column":46}},"91":{"start":{"line":203,"column":2},"end":{"line":239,"column":5}},"92":{"start":{"line":207,"column":2},"end":{"line":238,"column":3}},"93":{"start":{"line":208,"column":3},"end":{"line":208,"column":35}},"94":{"start":{"line":210,"column":3},"end":{"line":219,"column":8}},"95":{"start":{"line":212,"column":5},"end":{"line":212,"column":54}},"96":{"start":{"line":213,"column":5},"end":{"line":213,"column":42}},"97":{"start":{"line":214,"column":5},"end":{"line":214,"column":96}},"98":{"start":{"line":217,"column":5},"end":{"line":217,"column":22}},"99":{"start":{"line":218,"column":5},"end":{"line":218,"column":72}},"100":{"start":{"line":222,"column":3},"end":{"line":226,"column":6}},"101":{"start":{"line":228,"column":3},"end":{"line":237,"column":8}},"102":{"start":{"line":230,"column":5},"end":{"line":230,"column":54}},"103":{"start":{"line":231,"column":5},"end":{"line":231,"column":49}},"104":{"start":{"line":232,"column":5},"end":{"line":232,"column":99}},"105":{"start":{"line":235,"column":5},"end":{"line":235,"column":22}},"106":{"start":{"line":236,"column":5},"end":{"line":236,"column":72}},"107":{"start":{"line":242,"column":0},"end":{"line":265,"column":1}},"108":{"start":{"line":243,"column":1},"end":{"line":264,"column":4}},"109":{"start":{"line":246,"column":2},"end":{"line":249,"column":3}},"110":{"start":{"line":247,"column":3},"end":{"line":247,"column":44}},"111":{"start":{"line":248,"column":3},"end":{"line":248,"column":10}},"112":{"start":{"line":251,"column":2},"end":{"line":263,"column":5}},"113":{"start":{"line":262,"column":3},"end":{"line":262,"column":58}},"114":{"start":{"line":267,"column":0},"end":{"line":284,"column":1}},"115":{"start":{"line":269,"column":1},"end":{"line":271,"column":2}},"116":{"start":{"line":270,"column":2},"end":{"line":270,"column":9}},"117":{"start":{"line":273,"column":1},"end":{"line":273,"column":24}},"118":{"start":{"line":274,"column":1},"end":{"line":274,"column":37}},"119":{"start":{"line":275,"column":1},"end":{"line":275,"column":29}},"120":{"start":{"line":277,"column":1},"end":{"line":283,"column":4}},"121":{"start":{"line":280,"column":2},"end":{"line":282,"column":3}},"122":{"start":{"line":281,"column":3},"end":{"line":281,"column":20}},"123":{"start":{"line":286,"column":0},"end":{"line":289,"column":3}},"124":{"start":{"line":287,"column":1},"end":{"line":287,"column":29}},"125":{"start":{"line":288,"column":1},"end":{"line":288,"column":49}},"126":{"start":{"line":291,"column":0},"end":{"line":311,"column":3}},"127":{"start":{"line":292,"column":1},"end":{"line":292,"column":29}},"128":{"start":{"line":293,"column":1},"end":{"line":293,"column":34}},"129":{"start":{"line":295,"column":1},"end":{"line":310,"column":7}},"130":{"start":{"line":296,"column":2},"end":{"line":298,"column":5}},"131":{"start":{"line":297,"column":6},"end":{"line":297,"column":100}},"132":{"start":{"line":300,"column":4},"end":{"line":309,"column":9}},"133":{"start":{"line":302,"column":4},"end":{"line":304,"column":7}},"134":{"start":{"line":303,"column":5},"end":{"line":303,"column":58}},"135":{"start":{"line":305,"column":8},"end":{"line":305,"column":64}},"136":{"start":{"line":308,"column":8},"end":{"line":308,"column":75}},"137":{"start":{"line":313,"column":0},"end":{"line":344,"column":3}},"138":{"start":{"line":314,"column":1},"end":{"line":314,"column":29}},"139":{"start":{"line":315,"column":1},"end":{"line":315,"column":38}},"140":{"start":{"line":317,"column":1},"end":{"line":343,"column":4}},"141":{"start":{"line":320,"column":2},"end":{"line":322,"column":3}},"142":{"start":{"line":321,"column":3},"end":{"line":321,"column":70}},"143":{"start":{"line":324,"column":2},"end":{"line":342,"column":4}},"144":{"start":{"line":325,"column":3},"end":{"line":332,"column":7}},"145":{"start":{"line":327,"column":5},"end":{"line":327,"column":68}},"146":{"start":{"line":328,"column":5},"end":{"line":328,"column":94}},"147":{"start":{"line":331,"column":5},"end":{"line":331,"column":72}},"148":{"start":{"line":334,"column":3},"end":{"line":341,"column":7}},"149":{"start":{"line":336,"column":5},"end":{"line":336,"column":68}},"150":{"start":{"line":337,"column":5},"end":{"line":337,"column":62}},"151":{"start":{"line":340,"column":5},"end":{"line":340,"column":72}},"152":{"start":{"line":346,"column":0},"end":{"line":352,"column":1}},"153":{"start":{"line":347,"column":1},"end":{"line":351,"column":4}},"154":{"start":{"line":348,"column":2},"end":{"line":350,"column":3}},"155":{"start":{"line":349,"column":3},"end":{"line":349,"column":56}},"156":{"start":{"line":354,"column":0},"end":{"line":367,"column":3}},"157":{"start":{"line":355,"column":1},"end":{"line":355,"column":34}},"158":{"start":{"line":356,"column":1},"end":{"line":356,"column":28}},"159":{"start":{"line":358,"column":1},"end":{"line":366,"column":4}},"160":{"start":{"line":361,"column":2},"end":{"line":363,"column":3}},"161":{"start":{"line":362,"column":3},"end":{"line":362,"column":70}},"162":{"start":{"line":365,"column":2},"end":{"line":365,"column":59}},"163":{"start":{"line":369,"column":0},"end":{"line":386,"column":3}},"164":{"start":{"line":370,"column":1},"end":{"line":370,"column":38}},"165":{"start":{"line":371,"column":1},"end":{"line":371,"column":26}},"166":{"start":{"line":372,"column":1},"end":{"line":372,"column":29}},"167":{"start":{"line":374,"column":1},"end":{"line":385,"column":4}},"168":{"start":{"line":380,"column":2},"end":{"line":382,"column":3}},"169":{"start":{"line":381,"column":3},"end":{"line":381,"column":70}},"170":{"start":{"line":384,"column":2},"end":{"line":384,"column":59}},"171":{"start":{"line":394,"column":0},"end":{"line":416,"column":3}},"172":{"start":{"line":395,"column":1},"end":{"line":395,"column":30}},"173":{"start":{"line":396,"column":1},"end":{"line":396,"column":26}},"174":{"start":{"line":397,"column":1},"end":{"line":397,"column":34}},"175":{"start":{"line":399,"column":1},"end":{"line":399,"column":53}},"176":{"start":{"line":401,"column":2},"end":{"line":415,"column":4}},"177":{"start":{"line":402,"column":2},"end":{"line":404,"column":3}},"178":{"start":{"line":403,"column":3},"end":{"line":403,"column":70}},"179":{"start":{"line":406,"column":2},"end":{"line":406,"column":34}},"180":{"start":{"line":408,"column":2},"end":{"line":414,"column":7}},"181":{"start":{"line":410,"column":6},"end":{"line":410,"column":90}},"182":{"start":{"line":413,"column":6},"end":{"line":413,"column":73}},"183":{"start":{"line":418,"column":0},"end":{"line":438,"column":3}},"184":{"start":{"line":419,"column":1},"end":{"line":419,"column":30}},"185":{"start":{"line":420,"column":1},"end":{"line":420,"column":38}},"186":{"start":{"line":422,"column":2},"end":{"line":437,"column":4}},"187":{"start":{"line":426,"column":2},"end":{"line":428,"column":3}},"188":{"start":{"line":427,"column":3},"end":{"line":427,"column":70}},"189":{"start":{"line":430,"column":2},"end":{"line":436,"column":6}},"190":{"start":{"line":432,"column":4},"end":{"line":432,"column":61}},"191":{"start":{"line":435,"column":4},"end":{"line":435,"column":71}},"192":{"start":{"line":446,"column":0},"end":{"line":479,"column":3}},"193":{"start":{"line":447,"column":1},"end":{"line":447,"column":44}},"194":{"start":{"line":448,"column":1},"end":{"line":448,"column":36}},"195":{"start":{"line":450,"column":1},"end":{"line":478,"column":4}},"196":{"start":{"line":453,"column":2},"end":{"line":455,"column":3}},"197":{"start":{"line":454,"column":3},"end":{"line":454,"column":68}},"198":{"start":{"line":457,"column":2},"end":{"line":477,"column":5}},"199":{"start":{"line":460,"column":3},"end":{"line":462,"column":4}},"200":{"start":{"line":461,"column":4},"end":{"line":461,"column":96}},"201":{"start":{"line":464,"column":3},"end":{"line":464,"column":48}},"202":{"start":{"line":465,"column":3},"end":{"line":465,"column":48}},"203":{"start":{"line":467,"column":3},"end":{"line":476,"column":8}},"204":{"start":{"line":469,"column":5},"end":{"line":469,"column":25}},"205":{"start":{"line":472,"column":5},"end":{"line":472,"column":62}},"206":{"start":{"line":475,"column":5},"end":{"line":475,"column":72}},"207":{"start":{"line":481,"column":0},"end":{"line":502,"column":3}},"208":{"start":{"line":482,"column":1},"end":{"line":482,"column":46}},"209":{"start":{"line":483,"column":1},"end":{"line":483,"column":36}},"210":{"start":{"line":485,"column":1},"end":{"line":501,"column":5}},"211":{"start":{"line":488,"column":4},"end":{"line":490,"column":5}},"212":{"start":{"line":489,"column":6},"end":{"line":489,"column":71}},"213":{"start":{"line":492,"column":4},"end":{"line":500,"column":6}},"214":{"start":{"line":495,"column":5},"end":{"line":497,"column":6}},"215":{"start":{"line":496,"column":7},"end":{"line":496,"column":72}},"216":{"start":{"line":499,"column":5},"end":{"line":499,"column":62}},"217":{"start":{"line":510,"column":0},"end":{"line":534,"column":3}},"218":{"start":{"line":511,"column":1},"end":{"line":511,"column":29}},"219":{"start":{"line":513,"column":1},"end":{"line":533,"column":4}},"220":{"start":{"line":517,"column":2},"end":{"line":519,"column":3}},"221":{"start":{"line":518,"column":3},"end":{"line":518,"column":104}},"222":{"start":{"line":521,"column":2},"end":{"line":532,"column":5}},"223":{"start":{"line":527,"column":3},"end":{"line":529,"column":4}},"224":{"start":{"line":528,"column":4},"end":{"line":528,"column":94}},"225":{"start":{"line":531,"column":3},"end":{"line":531,"column":57}},"226":{"start":{"line":542,"column":0},"end":{"line":542,"column":24}}},"branchMap":{"1":{"line":25,"type":"binary-expr","locations":[{"start":{"line":25,"column":14},"end":{"line":25,"column":28}},{"start":{"line":25,"column":32},"end":{"line":25,"column":61}}]},"2":{"line":27,"type":"if","locations":[{"start":{"line":27,"column":2},"end":{"line":27,"column":2}},{"start":{"line":27,"column":2},"end":{"line":27,"column":2}}]},"3":{"line":29,"type":"if","locations":[{"start":{"line":29,"column":4},"end":{"line":29,"column":4}},{"start":{"line":29,"column":4},"end":{"line":29,"column":4}}]},"4":{"line":63,"type":"if","locations":[{"start":{"line":63,"column":1},"end":{"line":63,"column":1}},{"start":{"line":63,"column":1},"end":{"line":63,"column":1}}]},"5":{"line":67,"type":"switch","locations":[{"start":{"line":68,"column":2},"end":{"line":68,"column":19}},{"start":{"line":69,"column":2},"end":{"line":69,"column":19}},{"start":{"line":70,"column":2},"end":{"line":70,"column":20}},{"start":{"line":71,"column":2},"end":{"line":71,"column":19}},{"start":{"line":72,"column":2},"end":{"line":73,"column":9}},{"start":{"line":74,"column":2},"end":{"line":75,"column":117}}]},"6":{"line":83,"type":"if","locations":[{"start":{"line":83,"column":4},"end":{"line":83,"column":4}},{"start":{"line":83,"column":4},"end":{"line":83,"column":4}}]},"7":{"line":83,"type":"binary-expr","locations":[{"start":{"line":83,"column":8},"end":{"line":83,"column":11}},{"start":{"line":83,"column":15},"end":{"line":83,"column":31}}]},"8":{"line":90,"type":"if","locations":[{"start":{"line":90,"column":4},"end":{"line":90,"column":4}},{"start":{"line":90,"column":4},"end":{"line":90,"column":4}}]},"9":{"line":90,"type":"binary-expr","locations":[{"start":{"line":90,"column":8},"end":{"line":90,"column":11}},{"start":{"line":90,"column":15},"end":{"line":90,"column":20}}]},"10":{"line":114,"type":"if","locations":[{"start":{"line":114,"column":1},"end":{"line":114,"column":1}},{"start":{"line":114,"column":1},"end":{"line":114,"column":1}}]},"11":{"line":114,"type":"binary-expr","locations":[{"start":{"line":114,"column":5},"end":{"line":114,"column":17}},{"start":{"line":114,"column":21},"end":{"line":114,"column":36}}]},"12":{"line":122,"type":"if","locations":[{"start":{"line":122,"column":2},"end":{"line":122,"column":2}},{"start":{"line":122,"column":2},"end":{"line":122,"column":2}}]},"13":{"line":122,"type":"binary-expr","locations":[{"start":{"line":122,"column":6},"end":{"line":122,"column":9}},{"start":{"line":122,"column":13},"end":{"line":122,"column":18}}]},"14":{"line":128,"type":"if","locations":[{"start":{"line":128,"column":2},"end":{"line":128,"column":2}},{"start":{"line":128,"column":2},"end":{"line":128,"column":2}}]},"15":{"line":133,"type":"if","locations":[{"start":{"line":133,"column":2},"end":{"line":133,"column":2}},{"start":{"line":133,"column":2},"end":{"line":133,"column":2}}]},"16":{"line":164,"type":"if","locations":[{"start":{"line":164,"column":1},"end":{"line":164,"column":1}},{"start":{"line":164,"column":1},"end":{"line":164,"column":1}}]},"17":{"line":165,"type":"if","locations":[{"start":{"line":165,"column":2},"end":{"line":165,"column":2}},{"start":{"line":165,"column":2},"end":{"line":165,"column":2}}]},"18":{"line":169,"type":"switch","locations":[{"start":{"line":170,"column":3},"end":{"line":170,"column":20}},{"start":{"line":171,"column":3},"end":{"line":171,"column":20}},{"start":{"line":172,"column":3},"end":{"line":172,"column":21}},{"start":{"line":173,"column":3},"end":{"line":173,"column":20}},{"start":{"line":174,"column":3},"end":{"line":175,"column":10}},{"start":{"line":176,"column":3},"end":{"line":177,"column":118}}]},"19":{"line":186,"type":"if","locations":[{"start":{"line":186,"column":4},"end":{"line":186,"column":4}},{"start":{"line":186,"column":4},"end":{"line":186,"column":4}}]},"20":{"line":186,"type":"binary-expr","locations":[{"start":{"line":186,"column":8},"end":{"line":186,"column":11}},{"start":{"line":186,"column":15},"end":{"line":186,"column":31}}]},"21":{"line":201,"type":"binary-expr","locations":[{"start":{"line":201,"column":23},"end":{"line":201,"column":39}},{"start":{"line":201,"column":43},"end":{"line":201,"column":45}}]},"22":{"line":207,"type":"if","locations":[{"start":{"line":207,"column":2},"end":{"line":207,"column":2}},{"start":{"line":207,"column":2},"end":{"line":207,"column":2}}]},"23":{"line":246,"type":"if","locations":[{"start":{"line":246,"column":2},"end":{"line":246,"column":2}},{"start":{"line":246,"column":2},"end":{"line":246,"column":2}}]},"24":{"line":246,"type":"binary-expr","locations":[{"start":{"line":246,"column":6},"end":{"line":246,"column":9}},{"start":{"line":246,"column":13},"end":{"line":246,"column":22}}]},"25":{"line":269,"type":"if","locations":[{"start":{"line":269,"column":1},"end":{"line":269,"column":1}},{"start":{"line":269,"column":1},"end":{"line":269,"column":1}}]},"26":{"line":280,"type":"if","locations":[{"start":{"line":280,"column":2},"end":{"line":280,"column":2}},{"start":{"line":280,"column":2},"end":{"line":280,"column":2}}]},"27":{"line":296,"type":"if","locations":[{"start":{"line":296,"column":2},"end":{"line":296,"column":2}},{"start":{"line":296,"column":2},"end":{"line":296,"column":2}}]},"28":{"line":296,"type":"binary-expr","locations":[{"start":{"line":296,"column":6},"end":{"line":296,"column":9}},{"start":{"line":296,"column":13},"end":{"line":296,"column":19}}]},"29":{"line":320,"type":"if","locations":[{"start":{"line":320,"column":2},"end":{"line":320,"column":2}},{"start":{"line":320,"column":2},"end":{"line":320,"column":2}}]},"30":{"line":320,"type":"binary-expr","locations":[{"start":{"line":320,"column":6},"end":{"line":320,"column":9}},{"start":{"line":320,"column":13},"end":{"line":320,"column":19}}]},"31":{"line":324,"type":"if","locations":[{"start":{"line":324,"column":2},"end":{"line":324,"column":2}},{"start":{"line":324,"column":2},"end":{"line":324,"column":2}}]},"32":{"line":348,"type":"if","locations":[{"start":{"line":348,"column":2},"end":{"line":348,"column":2}},{"start":{"line":348,"column":2},"end":{"line":348,"column":2}}]},"33":{"line":361,"type":"if","locations":[{"start":{"line":361,"column":2},"end":{"line":361,"column":2}},{"start":{"line":361,"column":2},"end":{"line":361,"column":2}}]},"34":{"line":380,"type":"if","locations":[{"start":{"line":380,"column":2},"end":{"line":380,"column":2}},{"start":{"line":380,"column":2},"end":{"line":380,"column":2}}]},"35":{"line":380,"type":"binary-expr","locations":[{"start":{"line":380,"column":6},"end":{"line":380,"column":9}},{"start":{"line":380,"column":13},"end":{"line":380,"column":19}}]},"36":{"line":402,"type":"if","locations":[{"start":{"line":402,"column":2},"end":{"line":402,"column":2}},{"start":{"line":402,"column":2},"end":{"line":402,"column":2}}]},"37":{"line":402,"type":"binary-expr","locations":[{"start":{"line":402,"column":6},"end":{"line":402,"column":9}},{"start":{"line":402,"column":13},"end":{"line":402,"column":19}}]},"38":{"line":426,"type":"if","locations":[{"start":{"line":426,"column":2},"end":{"line":426,"column":2}},{"start":{"line":426,"column":2},"end":{"line":426,"column":2}}]},"39":{"line":426,"type":"binary-expr","locations":[{"start":{"line":426,"column":6},"end":{"line":426,"column":9}},{"start":{"line":426,"column":13},"end":{"line":426,"column":19}}]},"40":{"line":453,"type":"if","locations":[{"start":{"line":453,"column":2},"end":{"line":453,"column":2}},{"start":{"line":453,"column":2},"end":{"line":453,"column":2}}]},"41":{"line":453,"type":"binary-expr","locations":[{"start":{"line":453,"column":6},"end":{"line":453,"column":9}},{"start":{"line":453,"column":13},"end":{"line":453,"column":25}}]},"42":{"line":460,"type":"if","locations":[{"start":{"line":460,"column":3},"end":{"line":460,"column":3}},{"start":{"line":460,"column":3},"end":{"line":460,"column":3}}]},"43":{"line":460,"type":"binary-expr","locations":[{"start":{"line":460,"column":7},"end":{"line":460,"column":10}},{"start":{"line":460,"column":14},"end":{"line":460,"column":27}}]},"44":{"line":488,"type":"if","locations":[{"start":{"line":488,"column":4},"end":{"line":488,"column":4}},{"start":{"line":488,"column":4},"end":{"line":488,"column":4}}]},"45":{"line":495,"type":"if","locations":[{"start":{"line":495,"column":5},"end":{"line":495,"column":5}},{"start":{"line":495,"column":5},"end":{"line":495,"column":5}}]},"46":{"line":517,"type":"if","locations":[{"start":{"line":517,"column":2},"end":{"line":517,"column":2}},{"start":{"line":517,"column":2},"end":{"line":517,"column":2}}]},"47":{"line":517,"type":"binary-expr","locations":[{"start":{"line":517,"column":6},"end":{"line":517,"column":9}},{"start":{"line":517,"column":13},"end":{"line":517,"column":22}}]},"48":{"line":527,"type":"if","locations":[{"start":{"line":527,"column":3},"end":{"line":527,"column":3}},{"start":{"line":527,"column":3},"end":{"line":527,"column":3}}]},"49":{"line":527,"type":"binary-expr","locations":[{"start":{"line":527,"column":7},"end":{"line":527,"column":10}},{"start":{"line":527,"column":14},"end":{"line":527,"column":19}}]}}},"/Users/Eric/Documents/UBC/Winter 2017/CPSC 410/git/MoodSwing/be/app/models/user.js":{"path":"/Users/Eric/Documents/UBC/Winter 2017/CPSC 410/git/MoodSwing/be/app/models/user.js","s":{"1":1,"2":1,"3":1,"4":1,"5":1},"b":{},"f":{},"fnMap":{},"statementMap":{"1":{"start":{"line":1,"column":0},"end":{"line":1,"column":35}},"2":{"start":{"line":2,"column":0},"end":{"line":2,"column":29}},"3":{"start":{"line":4,"column":0},"end":{"line":4,"column":27}},"4":{"start":{"line":6,"column":0},"end":{"line":19,"column":2}},"5":{"start":{"line":21,"column":0},"end":{"line":33,"column":4}}},"branchMap":{}},"/Users/Eric/Documents/UBC/Winter 2017/CPSC 410/git/MoodSwing/be/app/models/journalentry.js":{"path":"/Users/Eric/Documents/UBC/Winter 2017/CPSC 410/git/MoodSwing/be/app/models/journalentry.js","s":{"1":1,"2":1,"3":1,"4":1,"5":1,"6":1,"7":1},"b":{},"f":{},"fnMap":{},"statementMap":{"1":{"start":{"line":1,"column":0},"end":{"line":1,"column":35}},"2":{"start":{"line":2,"column":0},"end":{"line":2,"column":29}},"3":{"start":{"line":4,"column":0},"end":{"line":4,"column":27}},"4":{"start":{"line":6,"column":0},"end":{"line":12,"column":3}},"5":{"start":{"line":14,"column":0},"end":{"line":21,"column":3}},"6":{"start":{"line":23,"column":0},"end":{"line":32,"column":3}},"7":{"start":{"line":34,"column":0},"end":{"line":34,"column":62}}},"branchMap":{}},"/Users/Eric/Documents/UBC/Winter 2017/CPSC 410/git/MoodSwing/be/publicRoutes.js":{"path":"/Users/Eric/Documents/UBC/Winter 2017/CPSC 410/git/MoodSwing/be/publicRoutes.js","s":{"1":1,"2":1,"3":1,"4":1,"5":1,"6":1,"7":1,"8":1,"9":1,"10":1,"11":0,"12":1,"13":0,"14":0,"15":0,"16":0,"17":0,"18":0,"19":0,"20":0,"21":0,"22":0,"23":0,"24":0,"25":0,"26":1,"27":0,"28":0,"29":0,"30":0,"31":0,"32":0,"33":0,"34":1,"35":0,"36":1,"37":0,"38":0,"39":0,"40":0,"41":0,"42":0,"43":0,"44":0,"45":0,"46":0,"47":0,"48":0,"49":1,"50":0,"51":0,"52":0,"53":0,"54":0,"55":0,"56":0,"57":0,"58":0,"59":0,"60":0,"61":0,"62":1,"63":1,"64":1,"65":1,"66":0,"67":1,"68":1,"69":1,"70":21,"71":1,"72":1,"73":1,"74":1,"75":1,"76":0,"77":0,"78":0,"79":0,"80":0,"81":0,"82":0,"83":0,"84":0,"85":1,"86":0,"87":0,"88":0,"89":0,"90":0,"91":0,"92":0,"93":0,"94":0,"95":0,"96":0,"97":0,"98":0,"99":1,"100":0,"101":0,"102":0,"103":0,"104":0,"105":0,"106":0,"107":0,"108":0,"109":0,"110":0,"111":0,"112":0,"113":1,"114":0,"115":0,"116":0,"117":0,"118":0,"119":0,"120":0,"121":0,"122":1,"123":0,"124":0,"125":0,"126":0,"127":0,"128":0,"129":0,"130":0,"131":0,"132":0,"133":0,"134":0,"135":0,"136":0,"137":0,"138":1},"b":{"1":[0,0],"2":[0,0],"3":[0,0],"4":[0,0],"5":[0,0],"6":[0,0],"7":[0,0],"8":[0,0],"9":[0,0],"10":[0,0],"11":[0,0],"12":[0,0],"13":[0,0],"14":[0,0],"15":[0,1],"16":[1,1],"17":[1,0],"18":[1,1],"19":[0,0],"20":[0,0],"21":[0,0,0],"22":[0,0],"23":[0,0],"24":[0,0],"25":[0,0,0],"26":[0,0],"27":[0,0],"28":[0,0],"29":[0,0,0],"30":[0,0],"31":[0,0],"32":[0,0],"33":[0,0],"34":[0,0],"35":[0,0]},"f":{"1":0,"2":0,"3":0,"4":0,"5":0,"6":0,"7":0,"8":0,"9":0,"10":1,"11":1,"12":21,"13":0,"14":0,"15":0,"16":0,"17":0,"18":0,"19":0,"20":0,"21":0,"22":0,"23":0,"24":0,"25":0},"fnMap":{"1":{"name":"(anonymous_1)","line":27,"loc":{"start":{"line":27,"column":22},"end":{"line":27,"column":41}}},"2":{"name":"(anonymous_2)","line":38,"loc":{"start":{"line":38,"column":5},"end":{"line":38,"column":25}}},"3":{"name":"(anonymous_3)","line":50,"loc":{"start":{"line":50,"column":12},"end":{"line":50,"column":27}}},"4":{"name":"(anonymous_4)","line":54,"loc":{"start":{"line":54,"column":13},"end":{"line":54,"column":27}}},"5":{"name":"(anonymous_5)","line":60,"loc":{"start":{"line":60,"column":28},"end":{"line":60,"column":47}}},"6":{"name":"(anonymous_6)","line":64,"loc":{"start":{"line":64,"column":5},"end":{"line":64,"column":25}}},"7":{"name":"createToken","line":83,"loc":{"start":{"line":83,"column":0},"end":{"line":83,"column":27}}},"8":{"name":"(anonymous_8)","line":95,"loc":{"start":{"line":95,"column":23},"end":{"line":95,"column":43}}},"9":{"name":"(anonymous_9)","line":127,"loc":{"start":{"line":127,"column":18},"end":{"line":127,"column":38}}},"10":{"name":"(anonymous_10)","line":159,"loc":{"start":{"line":159,"column":31},"end":{"line":159,"column":50}}},"11":{"name":"(anonymous_11)","line":165,"loc":{"start":{"line":165,"column":2},"end":{"line":165,"column":26}}},"12":{"name":"(anonymous_12)","line":173,"loc":{"start":{"line":173,"column":70},"end":{"line":173,"column":85}}},"13":{"name":"(anonymous_13)","line":194,"loc":{"start":{"line":194,"column":39},"end":{"line":194,"column":58}}},"14":{"name":"(anonymous_14)","line":202,"loc":{"start":{"line":202,"column":5},"end":{"line":202,"column":35}}},"15":{"name":"(anonymous_15)","line":207,"loc":{"start":{"line":207,"column":44},"end":{"line":207,"column":58}}},"16":{"name":"(anonymous_16)","line":225,"loc":{"start":{"line":225,"column":5},"end":{"line":225,"column":26}}},"17":{"name":"(anonymous_17)","line":259,"loc":{"start":{"line":259,"column":5},"end":{"line":259,"column":26}}},"18":{"name":"(anonymous_18)","line":285,"loc":{"start":{"line":285,"column":21},"end":{"line":285,"column":40}}},"19":{"name":"(anonymous_19)","line":286,"loc":{"start":{"line":286,"column":61},"end":{"line":286,"column":84}}},"20":{"name":"(anonymous_20)","line":287,"loc":{"start":{"line":287,"column":32},"end":{"line":287,"column":55}}},"21":{"name":"(anonymous_21)","line":298,"loc":{"start":{"line":298,"column":32},"end":{"line":298,"column":51}}},"22":{"name":"(anonymous_22)","line":300,"loc":{"start":{"line":300,"column":56},"end":{"line":300,"column":77}}},"23":{"name":"(anonymous_23)","line":311,"loc":{"start":{"line":311,"column":33},"end":{"line":311,"column":67}}},"24":{"name":"(anonymous_24)","line":317,"loc":{"start":{"line":317,"column":38},"end":{"line":317,"column":66}}},"25":{"name":"(anonymous_25)","line":321,"loc":{"start":{"line":321,"column":34},"end":{"line":321,"column":52}}}},"statementMap":{"1":{"start":{"line":1,"column":0},"end":{"line":1,"column":35}},"2":{"start":{"line":2,"column":0},"end":{"line":2,"column":32}},"3":{"start":{"line":3,"column":0},"end":{"line":3,"column":36}},"4":{"start":{"line":4,"column":0},"end":{"line":4,"column":44}},"5":{"start":{"line":5,"column":0},"end":{"line":5,"column":60}},"6":{"start":{"line":6,"column":0},"end":{"line":6,"column":35}},"7":{"start":{"line":7,"column":0},"end":{"line":7,"column":37}},"8":{"start":{"line":8,"column":0},"end":{"line":8,"column":28}},"9":{"start":{"line":9,"column":0},"end":{"line":9,"column":48}},"10":{"start":{"line":17,"column":0},"end":{"line":19,"column":3}},"11":{"start":{"line":18,"column":2},"end":{"line":18,"column":48}},"12":{"start":{"line":27,"column":0},"end":{"line":58,"column":3}},"13":{"start":{"line":28,"column":2},"end":{"line":28,"column":35}},"14":{"start":{"line":29,"column":2},"end":{"line":29,"column":35}},"15":{"start":{"line":30,"column":2},"end":{"line":30,"column":47}},"16":{"start":{"line":32,"column":2},"end":{"line":34,"column":3}},"17":{"start":{"line":33,"column":4},"end":{"line":33,"column":102}},"18":{"start":{"line":36,"column":2},"end":{"line":57,"column":5}},"19":{"start":{"line":39,"column":4},"end":{"line":41,"column":5}},"20":{"start":{"line":40,"column":6},"end":{"line":40,"column":105}},"21":{"start":{"line":43,"column":4},"end":{"line":47,"column":7}},"22":{"start":{"line":49,"column":4},"end":{"line":56,"column":9}},"23":{"start":{"line":51,"column":8},"end":{"line":51,"column":37}},"24":{"start":{"line":52,"column":8},"end":{"line":52,"column":83}},"25":{"start":{"line":55,"column":8},"end":{"line":55,"column":75}},"26":{"start":{"line":60,"column":0},"end":{"line":81,"column":3}},"27":{"start":{"line":62,"column":2},"end":{"line":80,"column":5}},"28":{"start":{"line":65,"column":4},"end":{"line":67,"column":5}},"29":{"start":{"line":66,"column":6},"end":{"line":66,"column":108}},"30":{"start":{"line":69,"column":4},"end":{"line":71,"column":5}},"31":{"start":{"line":70,"column":6},"end":{"line":70,"column":108}},"32":{"start":{"line":73,"column":4},"end":{"line":73,"column":34}},"33":{"start":{"line":75,"column":4},"end":{"line":79,"column":7}},"34":{"start":{"line":83,"column":0},"end":{"line":87,"column":1}},"35":{"start":{"line":84,"column":2},"end":{"line":86,"column":5}},"36":{"start":{"line":89,"column":0},"end":{"line":119,"column":3}},"37":{"start":{"line":91,"column":2},"end":{"line":91,"column":37}},"38":{"start":{"line":93,"column":2},"end":{"line":118,"column":5}},"39":{"start":{"line":97,"column":4},"end":{"line":99,"column":5}},"40":{"start":{"line":98,"column":6},"end":{"line":98,"column":71}},"41":{"start":{"line":101,"column":4},"end":{"line":107,"column":5}},"42":{"start":{"line":102,"column":6},"end":{"line":105,"column":9}},"43":{"start":{"line":106,"column":6},"end":{"line":106,"column":23}},"44":{"start":{"line":109,"column":4},"end":{"line":109,"column":47}},"45":{"start":{"line":110,"column":4},"end":{"line":110,"column":52}},"46":{"start":{"line":112,"column":4},"end":{"line":112,"column":48}},"47":{"start":{"line":113,"column":4},"end":{"line":116,"column":7}},"48":{"start":{"line":117,"column":4},"end":{"line":117,"column":39}},"49":{"start":{"line":121,"column":0},"end":{"line":151,"column":3}},"50":{"start":{"line":123,"column":2},"end":{"line":123,"column":37}},"51":{"start":{"line":125,"column":2},"end":{"line":150,"column":5}},"52":{"start":{"line":129,"column":4},"end":{"line":131,"column":5}},"53":{"start":{"line":130,"column":6},"end":{"line":130,"column":71}},"54":{"start":{"line":133,"column":4},"end":{"line":139,"column":5}},"55":{"start":{"line":134,"column":6},"end":{"line":137,"column":9}},"56":{"start":{"line":138,"column":6},"end":{"line":138,"column":23}},"57":{"start":{"line":141,"column":4},"end":{"line":141,"column":42}},"58":{"start":{"line":142,"column":4},"end":{"line":142,"column":47}},"59":{"start":{"line":144,"column":4},"end":{"line":144,"column":48}},"60":{"start":{"line":145,"column":4},"end":{"line":148,"column":7}},"61":{"start":{"line":149,"column":4},"end":{"line":149,"column":39}},"62":{"start":{"line":159,"column":0},"end":{"line":185,"column":3}},"63":{"start":{"line":160,"column":2},"end":{"line":160,"column":37}},"64":{"start":{"line":162,"column":2},"end":{"line":184,"column":5}},"65":{"start":{"line":166,"column":4},"end":{"line":168,"column":5}},"66":{"start":{"line":167,"column":6},"end":{"line":167,"column":98}},"67":{"start":{"line":170,"column":4},"end":{"line":170,"column":35}},"68":{"start":{"line":172,"column":4},"end":{"line":179,"column":5}},"69":{"start":{"line":173,"column":6},"end":{"line":175,"column":20}},"70":{"start":{"line":174,"column":8},"end":{"line":174,"column":27}},"71":{"start":{"line":177,"column":6},"end":{"line":177,"column":73}},"72":{"start":{"line":178,"column":6},"end":{"line":178,"column":73}},"73":{"start":{"line":181,"column":4},"end":{"line":181,"column":38}},"74":{"start":{"line":183,"column":4},"end":{"line":183,"column":52}},"75":{"start":{"line":194,"column":0},"end":{"line":215,"column":3}},"76":{"start":{"line":195,"column":2},"end":{"line":195,"column":37}},"77":{"start":{"line":197,"column":2},"end":{"line":214,"column":5}},"78":{"start":{"line":203,"column":4},"end":{"line":205,"column":5}},"79":{"start":{"line":204,"column":6},"end":{"line":204,"column":101}},"80":{"start":{"line":207,"column":4},"end":{"line":211,"column":17}},"81":{"start":{"line":208,"column":6},"end":{"line":208,"column":33}},"82":{"start":{"line":209,"column":6},"end":{"line":209,"column":33}},"83":{"start":{"line":210,"column":6},"end":{"line":210,"column":55}},"84":{"start":{"line":213,"column":4},"end":{"line":213,"column":57}},"85":{"start":{"line":217,"column":0},"end":{"line":249,"column":3}},"86":{"start":{"line":219,"column":2},"end":{"line":219,"column":39}},"87":{"start":{"line":221,"column":2},"end":{"line":248,"column":5}},"88":{"start":{"line":226,"column":4},"end":{"line":228,"column":5}},"89":{"start":{"line":227,"column":6},"end":{"line":227,"column":73}},"90":{"start":{"line":230,"column":4},"end":{"line":236,"column":5}},"91":{"start":{"line":231,"column":6},"end":{"line":234,"column":9}},"92":{"start":{"line":235,"column":6},"end":{"line":235,"column":23}},"93":{"start":{"line":238,"column":4},"end":{"line":238,"column":36}},"94":{"start":{"line":239,"column":4},"end":{"line":239,"column":41}},"95":{"start":{"line":240,"column":4},"end":{"line":240,"column":46}},"96":{"start":{"line":242,"column":4},"end":{"line":242,"column":48}},"97":{"start":{"line":243,"column":4},"end":{"line":246,"column":7}},"98":{"start":{"line":247,"column":4},"end":{"line":247,"column":39}},"99":{"start":{"line":251,"column":0},"end":{"line":283,"column":3}},"100":{"start":{"line":253,"column":2},"end":{"line":253,"column":39}},"101":{"start":{"line":255,"column":2},"end":{"line":282,"column":5}},"102":{"start":{"line":260,"column":4},"end":{"line":262,"column":5}},"103":{"start":{"line":261,"column":6},"end":{"line":261,"column":73}},"104":{"start":{"line":264,"column":4},"end":{"line":270,"column":5}},"105":{"start":{"line":265,"column":6},"end":{"line":268,"column":9}},"106":{"start":{"line":269,"column":6},"end":{"line":269,"column":23}},"107":{"start":{"line":272,"column":4},"end":{"line":272,"column":36}},"108":{"start":{"line":273,"column":4},"end":{"line":273,"column":45}},"109":{"start":{"line":274,"column":4},"end":{"line":274,"column":50}},"110":{"start":{"line":276,"column":4},"end":{"line":276,"column":48}},"111":{"start":{"line":277,"column":4},"end":{"line":280,"column":7}},"112":{"start":{"line":281,"column":4},"end":{"line":281,"column":39}},"113":{"start":{"line":285,"column":0},"end":{"line":296,"column":3}},"114":{"start":{"line":286,"column":2},"end":{"line":295,"column":5}},"115":{"start":{"line":287,"column":4},"end":{"line":293,"column":7}},"116":{"start":{"line":288,"column":6},"end":{"line":289,"column":18}},"117":{"start":{"line":289,"column":8},"end":{"line":289,"column":18}},"118":{"start":{"line":290,"column":6},"end":{"line":291,"column":17}},"119":{"start":{"line":291,"column":8},"end":{"line":291,"column":17}},"120":{"start":{"line":292,"column":6},"end":{"line":292,"column":15}},"121":{"start":{"line":294,"column":4},"end":{"line":294,"column":52}},"122":{"start":{"line":298,"column":0},"end":{"line":329,"column":3}},"123":{"start":{"line":299,"column":2},"end":{"line":299,"column":35}},"124":{"start":{"line":300,"column":2},"end":{"line":328,"column":5}},"125":{"start":{"line":301,"column":4},"end":{"line":301,"column":29}},"126":{"start":{"line":303,"column":4},"end":{"line":305,"column":5}},"127":{"start":{"line":304,"column":6},"end":{"line":304,"column":99}},"128":{"start":{"line":307,"column":4},"end":{"line":307,"column":56}},"129":{"start":{"line":309,"column":4},"end":{"line":327,"column":6}},"130":{"start":{"line":312,"column":8},"end":{"line":314,"column":9}},"131":{"start":{"line":313,"column":10},"end":{"line":313,"column":104}},"132":{"start":{"line":316,"column":8},"end":{"line":316,"column":41}},"133":{"start":{"line":317,"column":8},"end":{"line":319,"column":11}},"134":{"start":{"line":318,"column":10},"end":{"line":318,"column":94}},"135":{"start":{"line":321,"column":8},"end":{"line":323,"column":11}},"136":{"start":{"line":322,"column":10},"end":{"line":322,"column":75}},"137":{"start":{"line":325,"column":8},"end":{"line":325,"column":53}},"138":{"start":{"line":338,"column":1},"end":{"line":338,"column":25}}},"branchMap":{"1":{"line":30,"type":"binary-expr","locations":[{"start":{"line":30,"column":20},"end":{"line":30,"column":40}},{"start":{"line":30,"column":44},"end":{"line":30,"column":46}}]},"2":{"line":32,"type":"if","locations":[{"start":{"line":32,"column":2},"end":{"line":32,"column":2}},{"start":{"line":32,"column":2},"end":{"line":32,"column":2}}]},"3":{"line":32,"type":"binary-expr","locations":[{"start":{"line":32,"column":6},"end":{"line":32,"column":15}},{"start":{"line":32,"column":19},"end":{"line":32,"column":28}}]},"4":{"line":39,"type":"if","locations":[{"start":{"line":39,"column":4},"end":{"line":39,"column":4}},{"start":{"line":39,"column":4},"end":{"line":39,"column":4}}]},"5":{"line":39,"type":"binary-expr","locations":[{"start":{"line":39,"column":8},"end":{"line":39,"column":11}},{"start":{"line":39,"column":15},"end":{"line":39,"column":19}}]},"6":{"line":65,"type":"if","locations":[{"start":{"line":65,"column":4},"end":{"line":65,"column":4}},{"start":{"line":65,"column":4},"end":{"line":65,"column":4}}]},"7":{"line":65,"type":"binary-expr","locations":[{"start":{"line":65,"column":8},"end":{"line":65,"column":11}},{"start":{"line":65,"column":15},"end":{"line":65,"column":20}}]},"8":{"line":69,"type":"if","locations":[{"start":{"line":69,"column":4},"end":{"line":69,"column":4}},{"start":{"line":69,"column":4},"end":{"line":69,"column":4}}]},"9":{"line":97,"type":"if","locations":[{"start":{"line":97,"column":4},"end":{"line":97,"column":4}},{"start":{"line":97,"column":4},"end":{"line":97,"column":4}}]},"10":{"line":97,"type":"binary-expr","locations":[{"start":{"line":97,"column":8},"end":{"line":97,"column":11}},{"start":{"line":97,"column":15},"end":{"line":97,"column":20}}]},"11":{"line":101,"type":"if","locations":[{"start":{"line":101,"column":4},"end":{"line":101,"column":4}},{"start":{"line":101,"column":4},"end":{"line":101,"column":4}}]},"12":{"line":129,"type":"if","locations":[{"start":{"line":129,"column":4},"end":{"line":129,"column":4}},{"start":{"line":129,"column":4},"end":{"line":129,"column":4}}]},"13":{"line":129,"type":"binary-expr","locations":[{"start":{"line":129,"column":8},"end":{"line":129,"column":11}},{"start":{"line":129,"column":15},"end":{"line":129,"column":20}}]},"14":{"line":133,"type":"if","locations":[{"start":{"line":133,"column":4},"end":{"line":133,"column":4}},{"start":{"line":133,"column":4},"end":{"line":133,"column":4}}]},"15":{"line":166,"type":"if","locations":[{"start":{"line":166,"column":4},"end":{"line":166,"column":4}},{"start":{"line":166,"column":4},"end":{"line":166,"column":4}}]},"16":{"line":166,"type":"binary-expr","locations":[{"start":{"line":166,"column":8},"end":{"line":166,"column":17}},{"start":{"line":166,"column":21},"end":{"line":166,"column":24}}]},"17":{"line":172,"type":"if","locations":[{"start":{"line":172,"column":4},"end":{"line":172,"column":4}},{"start":{"line":172,"column":4},"end":{"line":172,"column":4}}]},"18":{"line":172,"type":"binary-expr","locations":[{"start":{"line":172,"column":8},"end":{"line":172,"column":29}},{"start":{"line":172,"column":33},"end":{"line":172,"column":73}}]},"19":{"line":203,"type":"if","locations":[{"start":{"line":203,"column":4},"end":{"line":203,"column":4}},{"start":{"line":203,"column":4},"end":{"line":203,"column":4}}]},"20":{"line":203,"type":"binary-expr","locations":[{"start":{"line":203,"column":8},"end":{"line":203,"column":11}},{"start":{"line":203,"column":15},"end":{"line":203,"column":30}}]},"21":{"line":210,"type":"binary-expr","locations":[{"start":{"line":210,"column":13},"end":{"line":210,"column":24}},{"start":{"line":210,"column":28},"end":{"line":210,"column":39}},{"start":{"line":210,"column":43},"end":{"line":210,"column":54}}]},"22":{"line":226,"type":"if","locations":[{"start":{"line":226,"column":4},"end":{"line":226,"column":4}},{"start":{"line":226,"column":4},"end":{"line":226,"column":4}}]},"23":{"line":226,"type":"binary-expr","locations":[{"start":{"line":226,"column":8},"end":{"line":226,"column":11}},{"start":{"line":226,"column":15},"end":{"line":226,"column":21}}]},"24":{"line":230,"type":"if","locations":[{"start":{"line":230,"column":4},"end":{"line":230,"column":4}},{"start":{"line":230,"column":4},"end":{"line":230,"column":4}}]},"25":{"line":230,"type":"binary-expr","locations":[{"start":{"line":230,"column":8},"end":{"line":230,"column":26}},{"start":{"line":230,"column":30},"end":{"line":230,"column":54}},{"start":{"line":230,"column":58},"end":{"line":230,"column":87}}]},"26":{"line":260,"type":"if","locations":[{"start":{"line":260,"column":4},"end":{"line":260,"column":4}},{"start":{"line":260,"column":4},"end":{"line":260,"column":4}}]},"27":{"line":260,"type":"binary-expr","locations":[{"start":{"line":260,"column":8},"end":{"line":260,"column":11}},{"start":{"line":260,"column":15},"end":{"line":260,"column":21}}]},"28":{"line":264,"type":"if","locations":[{"start":{"line":264,"column":4},"end":{"line":264,"column":4}},{"start":{"line":264,"column":4},"end":{"line":264,"column":4}}]},"29":{"line":264,"type":"binary-expr","locations":[{"start":{"line":264,"column":8},"end":{"line":264,"column":26}},{"start":{"line":264,"column":30},"end":{"line":264,"column":58}},{"start":{"line":264,"column":62},"end":{"line":264,"column":95}}]},"30":{"line":288,"type":"if","locations":[{"start":{"line":288,"column":6},"end":{"line":288,"column":6}},{"start":{"line":288,"column":6},"end":{"line":288,"column":6}}]},"31":{"line":290,"type":"if","locations":[{"start":{"line":290,"column":6},"end":{"line":290,"column":6}},{"start":{"line":290,"column":6},"end":{"line":290,"column":6}}]},"32":{"line":303,"type":"if","locations":[{"start":{"line":303,"column":4},"end":{"line":303,"column":4}},{"start":{"line":303,"column":4},"end":{"line":303,"column":4}}]},"33":{"line":303,"type":"binary-expr","locations":[{"start":{"line":303,"column":8},"end":{"line":303,"column":11}},{"start":{"line":303,"column":15},"end":{"line":303,"column":21}}]},"34":{"line":312,"type":"if","locations":[{"start":{"line":312,"column":8},"end":{"line":312,"column":8}},{"start":{"line":312,"column":8},"end":{"line":312,"column":8}}]},"35":{"line":312,"type":"binary-expr","locations":[{"start":{"line":312,"column":12},"end":{"line":312,"column":15}},{"start":{"line":312,"column":19},"end":{"line":312,"column":38}}]}}}}