TN:
SF:/Users/Eric/Documents/UBC/Winter 2017/CPSC 410/git/MoodSwing/be/server.js
FN:23,(anonymous_1)
FNF:1
FNH:1
FNDA:1,(anonymous_1)
DA:1,1
DA:2,1
DA:3,1
DA:4,1
DA:5,1
DA:6,1
DA:7,1
DA:8,1
DA:9,1
DA:10,1
DA:11,1
DA:12,1
DA:13,1
DA:15,1
DA:16,1
DA:17,1
DA:19,1
DA:20,1
DA:23,1
DA:24,1
DA:25,0
DA:26,0
DA:28,1
DA:29,1
DA:33,1
LF:25
LH:23
BRDA:5,1,0,1
BRDA:5,1,1,1
BRDA:24,2,0,0
BRDA:24,2,1,1
BRF:4
BRH:3
end_of_record
TN:
SF:/Users/Eric/Documents/UBC/Winter 2017/CPSC 410/git/MoodSwing/be/config.js
FNF:0
FNH:0
DA:1,1
LF:1
LH:1
BRF:0
BRH:0
end_of_record
TN:
SF:/Users/Eric/Documents/UBC/Winter 2017/CPSC 410/git/MoodSwing/be/authenticatedRoutes.js
FN:24,(anonymous_1)
FN:28,(anonymous_2)
FN:51,(anonymous_3)
FN:81,(anonymous_4)
FN:89,(anonymous_5)
FN:98,(anonymous_6)
FN:101,(anonymous_7)
FN:121,(anonymous_8)
FN:139,(anonymous_9)
FN:142,(anonymous_10)
FN:155,(anonymous_11)
FN:185,(anonymous_12)
FN:197,makeEntry
FN:206,(anonymous_14)
FN:211,(anonymous_15)
FN:216,(anonymous_16)
FN:229,(anonymous_17)
FN:234,(anonymous_18)
FN:242,notifyFollowers
FN:245,(anonymous_20)
FN:261,(anonymous_21)
FN:267,incrementEmotionCount
FN:279,(anonymous_23)
FN:286,(anonymous_24)
FN:291,(anonymous_25)
FN:295,(anonymous_26)
FN:301,(anonymous_27)
FN:302,(anonymous_28)
FN:307,(anonymous_29)
FN:313,(anonymous_30)
FN:319,(anonymous_31)
FN:326,(anonymous_32)
FN:330,(anonymous_33)
FN:335,(anonymous_34)
FN:339,(anonymous_35)
FN:346,findCaptureByIdAndDecrementEmotion
FN:347,(anonymous_37)
FN:354,(anonymous_38)
FN:360,(anonymous_39)
FN:369,(anonymous_40)
FN:379,(anonymous_41)
FN:394,(anonymous_42)
FN:401,(anonymous_43)
FN:409,(anonymous_44)
FN:412,(anonymous_45)
FN:418,(anonymous_46)
FN:425,(anonymous_47)
FN:431,(anonymous_48)
FN:434,(anonymous_49)
FN:446,(anonymous_50)
FN:452,(anonymous_51)
FN:459,(anonymous_52)
FN:468,(anonymous_53)
FN:471,(anonymous_54)
FN:474,(anonymous_55)
FN:481,(anonymous_56)
FN:487,(anonymous_57)
FN:494,(anonymous_58)
FN:510,(anonymous_59)
FN:515,(anonymous_60)
FN:526,(anonymous_61)
FNF:61
FNH:0
FNDA:0,(anonymous_1)
FNDA:0,(anonymous_2)
FNDA:0,(anonymous_3)
FNDA:0,(anonymous_4)
FNDA:0,(anonymous_5)
FNDA:0,(anonymous_6)
FNDA:0,(anonymous_7)
FNDA:0,(anonymous_8)
FNDA:0,(anonymous_9)
FNDA:0,(anonymous_10)
FNDA:0,(anonymous_11)
FNDA:0,(anonymous_12)
FNDA:0,makeEntry
FNDA:0,(anonymous_14)
FNDA:0,(anonymous_15)
FNDA:0,(anonymous_16)
FNDA:0,(anonymous_17)
FNDA:0,(anonymous_18)
FNDA:0,notifyFollowers
FNDA:0,(anonymous_20)
FNDA:0,(anonymous_21)
FNDA:0,incrementEmotionCount
FNDA:0,(anonymous_23)
FNDA:0,(anonymous_24)
FNDA:0,(anonymous_25)
FNDA:0,(anonymous_26)
FNDA:0,(anonymous_27)
FNDA:0,(anonymous_28)
FNDA:0,(anonymous_29)
FNDA:0,(anonymous_30)
FNDA:0,(anonymous_31)
FNDA:0,(anonymous_32)
FNDA:0,(anonymous_33)
FNDA:0,(anonymous_34)
FNDA:0,(anonymous_35)
FNDA:0,findCaptureByIdAndDecrementEmotion
FNDA:0,(anonymous_37)
FNDA:0,(anonymous_38)
FNDA:0,(anonymous_39)
FNDA:0,(anonymous_40)
FNDA:0,(anonymous_41)
FNDA:0,(anonymous_42)
FNDA:0,(anonymous_43)
FNDA:0,(anonymous_44)
FNDA:0,(anonymous_45)
FNDA:0,(anonymous_46)
FNDA:0,(anonymous_47)
FNDA:0,(anonymous_48)
FNDA:0,(anonymous_49)
FNDA:0,(anonymous_50)
FNDA:0,(anonymous_51)
FNDA:0,(anonymous_52)
FNDA:0,(anonymous_53)
FNDA:0,(anonymous_54)
FNDA:0,(anonymous_55)
FNDA:0,(anonymous_56)
FNDA:0,(anonymous_57)
FNDA:0,(anonymous_58)
FNDA:0,(anonymous_59)
FNDA:0,(anonymous_60)
FNDA:0,(anonymous_61)
DA:1,1
DA:2,1
DA:3,1
DA:4,1
DA:5,1
DA:6,1
DA:7,1
DA:8,1
DA:9,1
DA:10,1
DA:11,1
DA:13,1
DA:14,1
DA:15,1
DA:23,1
DA:25,0
DA:27,0
DA:28,0
DA:29,0
DA:30,0
DA:33,0
DA:34,0
DA:38,0
DA:51,1
DA:52,0
DA:53,0
DA:57,1
DA:59,1
DA:61,0
DA:63,0
DA:64,0
DA:67,0
DA:73,0
DA:75,0
DA:78,0
DA:83,0
DA:84,0
DA:87,0
DA:90,0
DA:91,0
DA:94,0
DA:95,0
DA:97,0
DA:99,0
DA:102,0
DA:108,1
DA:109,0
DA:110,0
DA:111,0
DA:112,0
DA:114,0
DA:115,0
DA:118,0
DA:122,0
DA:123,0
DA:126,0
DA:128,0
DA:129,0
DA:130,0
DA:133,0
DA:134,0
DA:135,0
DA:138,0
DA:140,0
DA:143,0
DA:155,1
DA:156,0
DA:157,0
DA:158,0
DA:159,0
DA:160,0
DA:162,0
DA:164,0
DA:165,0
DA:166,0
DA:169,0
DA:175,0
DA:177,0
DA:180,0
DA:182,0
DA:186,0
DA:187,0
DA:189,0
DA:190,0
DA:193,0
DA:197,1
DA:198,0
DA:199,0
DA:200,0
DA:201,0
DA:203,0
DA:207,0
DA:208,0
DA:210,0
DA:212,0
DA:213,0
DA:214,0
DA:217,0
DA:218,0
DA:222,0
DA:228,0
DA:230,0
DA:231,0
DA:232,0
DA:235,0
DA:236,0
DA:242,1
DA:243,0
DA:246,0
DA:247,0
DA:248,0
DA:251,0
DA:262,0
DA:267,1
DA:269,0
DA:270,0
DA:273,0
DA:274,0
DA:275,0
DA:277,0
DA:280,0
DA:281,0
DA:286,1
DA:287,0
DA:288,0
DA:291,1
DA:292,0
DA:293,0
DA:295,0
DA:296,0
DA:297,0
DA:300,0
DA:302,0
DA:303,0
DA:305,0
DA:308,0
DA:313,1
DA:314,0
DA:315,0
DA:317,0
DA:320,0
DA:321,0
DA:324,0
DA:325,0
DA:327,0
DA:328,0
DA:331,0
DA:334,0
DA:336,0
DA:337,0
DA:340,0
DA:346,1
DA:347,0
DA:348,0
DA:349,0
DA:354,1
DA:355,0
DA:356,0
DA:358,0
DA:361,0
DA:362,0
DA:365,0
DA:369,1
DA:370,0
DA:371,0
DA:372,0
DA:374,0
DA:380,0
DA:381,0
DA:384,0
DA:394,1
DA:395,0
DA:396,0
DA:397,0
DA:399,0
DA:401,0
DA:402,0
DA:403,0
DA:406,0
DA:408,0
DA:410,0
DA:413,0
DA:418,1
DA:419,0
DA:420,0
DA:422,0
DA:426,0
DA:427,0
DA:430,0
DA:432,0
DA:435,0
DA:446,1
DA:447,0
DA:448,0
DA:450,0
DA:453,0
DA:454,0
DA:457,0
DA:460,0
DA:461,0
DA:464,0
DA:465,0
DA:467,0
DA:469,0
DA:472,0
DA:475,0
DA:481,1
DA:482,0
DA:483,0
DA:485,0
DA:488,0
DA:489,0
DA:492,0
DA:495,0
DA:496,0
DA:499,0
DA:510,1
DA:511,0
DA:513,0
DA:517,0
DA:518,0
DA:521,0
DA:527,0
DA:528,0
DA:531,0
DA:542,1
LF:226
LH:35
BRDA:25,1,0,0
BRDA:25,1,1,0
BRDA:27,2,0,0
BRDA:27,2,1,0
BRDA:29,3,0,0
BRDA:29,3,1,0
BRDA:63,4,0,0
BRDA:63,4,1,0
BRDA:67,5,0,0
BRDA:67,5,1,0
BRDA:67,5,2,0
BRDA:67,5,3,0
BRDA:67,5,4,0
BRDA:67,5,5,0
BRDA:83,6,0,0
BRDA:83,6,1,0
BRDA:83,7,0,0
BRDA:83,7,1,0
BRDA:90,8,0,0
BRDA:90,8,1,0
BRDA:90,9,0,0
BRDA:90,9,1,0
BRDA:114,10,0,0
BRDA:114,10,1,0
BRDA:114,11,0,0
BRDA:114,11,1,0
BRDA:122,12,0,0
BRDA:122,12,1,0
BRDA:122,13,0,0
BRDA:122,13,1,0
BRDA:128,14,0,0
BRDA:128,14,1,0
BRDA:133,15,0,0
BRDA:133,15,1,0
BRDA:164,16,0,0
BRDA:164,16,1,0
BRDA:165,17,0,0
BRDA:165,17,1,0
BRDA:169,18,0,0
BRDA:169,18,1,0
BRDA:169,18,2,0
BRDA:169,18,3,0
BRDA:169,18,4,0
BRDA:169,18,5,0
BRDA:186,19,0,0
BRDA:186,19,1,0
BRDA:186,20,0,0
BRDA:186,20,1,0
BRDA:201,21,0,0
BRDA:201,21,1,0
BRDA:207,22,0,0
BRDA:207,22,1,0
BRDA:246,23,0,0
BRDA:246,23,1,0
BRDA:246,24,0,0
BRDA:246,24,1,0
BRDA:269,25,0,0
BRDA:269,25,1,0
BRDA:280,26,0,0
BRDA:280,26,1,0
BRDA:296,27,0,0
BRDA:296,27,1,0
BRDA:296,28,0,0
BRDA:296,28,1,0
BRDA:320,29,0,0
BRDA:320,29,1,0
BRDA:320,30,0,0
BRDA:320,30,1,0
BRDA:324,31,0,0
BRDA:324,31,1,0
BRDA:348,32,0,0
BRDA:348,32,1,0
BRDA:361,33,0,0
BRDA:361,33,1,0
BRDA:380,34,0,0
BRDA:380,34,1,0
BRDA:380,35,0,0
BRDA:380,35,1,0
BRDA:402,36,0,0
BRDA:402,36,1,0
BRDA:402,37,0,0
BRDA:402,37,1,0
BRDA:426,38,0,0
BRDA:426,38,1,0
BRDA:426,39,0,0
BRDA:426,39,1,0
BRDA:453,40,0,0
BRDA:453,40,1,0
BRDA:453,41,0,0
BRDA:453,41,1,0
BRDA:460,42,0,0
BRDA:460,42,1,0
BRDA:460,43,0,0
BRDA:460,43,1,0
BRDA:488,44,0,0
BRDA:488,44,1,0
BRDA:495,45,0,0
BRDA:495,45,1,0
BRDA:517,46,0,0
BRDA:517,46,1,0
BRDA:517,47,0,0
BRDA:517,47,1,0
BRDA:527,48,0,0
BRDA:527,48,1,0
BRDA:527,49,0,0
BRDA:527,49,1,0
BRF:106
BRH:0
end_of_record
TN:
SF:/Users/Eric/Documents/UBC/Winter 2017/CPSC 410/git/MoodSwing/be/app/models/user.js
FNF:0
FNH:0
DA:1,1
DA:2,1
DA:4,1
DA:6,1
DA:21,1
LF:5
LH:5
BRF:0
BRH:0
end_of_record
TN:
SF:/Users/Eric/Documents/UBC/Winter 2017/CPSC 410/git/MoodSwing/be/app/models/journalentry.js
FNF:0
FNH:0
DA:1,1
DA:2,1
DA:4,1
DA:6,1
DA:14,1
DA:23,1
DA:34,1
LF:7
LH:7
BRF:0
BRH:0
end_of_record
TN:
SF:/Users/Eric/Documents/UBC/Winter 2017/CPSC 410/git/MoodSwing/be/publicRoutes.js
FN:27,(anonymous_1)
FN:38,(anonymous_2)
FN:50,(anonymous_3)
FN:54,(anonymous_4)
FN:60,(anonymous_5)
FN:64,(anonymous_6)
FN:83,createToken
FN:95,(anonymous_8)
FN:127,(anonymous_9)
FN:159,(anonymous_10)
FN:165,(anonymous_11)
FN:173,(anonymous_12)
FN:194,(anonymous_13)
FN:202,(anonymous_14)
FN:207,(anonymous_15)
FN:225,(anonymous_16)
FN:259,(anonymous_17)
FN:285,(anonymous_18)
FN:286,(anonymous_19)
FN:287,(anonymous_20)
FN:298,(anonymous_21)
FN:300,(anonymous_22)
FN:311,(anonymous_23)
FN:317,(anonymous_24)
FN:321,(anonymous_25)
FNF:25
FNH:3
FNDA:0,(anonymous_1)
FNDA:0,(anonymous_2)
FNDA:0,(anonymous_3)
FNDA:0,(anonymous_4)
FNDA:0,(anonymous_5)
FNDA:0,(anonymous_6)
FNDA:0,createToken
FNDA:0,(anonymous_8)
FNDA:0,(anonymous_9)
FNDA:1,(anonymous_10)
FNDA:1,(anonymous_11)
FNDA:21,(anonymous_12)
FNDA:0,(anonymous_13)
FNDA:0,(anonymous_14)
FNDA:0,(anonymous_15)
FNDA:0,(anonymous_16)
FNDA:0,(anonymous_17)
FNDA:0,(anonymous_18)
FNDA:0,(anonymous_19)
FNDA:0,(anonymous_20)
FNDA:0,(anonymous_21)
FNDA:0,(anonymous_22)
FNDA:0,(anonymous_23)
FNDA:0,(anonymous_24)
FNDA:0,(anonymous_25)
DA:1,1
DA:2,1
DA:3,1
DA:4,1
DA:5,1
DA:6,1
DA:7,1
DA:8,1
DA:9,1
DA:17,1
DA:18,0
DA:27,1
DA:28,0
DA:29,0
DA:30,0
DA:32,0
DA:33,0
DA:36,0
DA:39,0
DA:40,0
DA:43,0
DA:49,0
DA:51,0
DA:52,0
DA:55,0
DA:60,1
DA:62,0
DA:65,0
DA:66,0
DA:69,0
DA:70,0
DA:73,0
DA:75,0
DA:83,1
DA:84,0
DA:89,1
DA:91,0
DA:93,0
DA:97,0
DA:98,0
DA:101,0
DA:102,0
DA:106,0
DA:109,0
DA:110,0
DA:112,0
DA:113,0
DA:117,0
DA:121,1
DA:123,0
DA:125,0
DA:129,0
DA:130,0
DA:133,0
DA:134,0
DA:138,0
DA:141,0
DA:142,0
DA:144,0
DA:145,0
DA:149,0
DA:159,1
DA:160,1
DA:162,1
DA:166,1
DA:167,0
DA:170,1
DA:172,1
DA:173,1
DA:174,21
DA:177,1
DA:178,1
DA:181,1
DA:183,1
DA:194,1
DA:195,0
DA:197,0
DA:203,0
DA:204,0
DA:207,0
DA:208,0
DA:209,0
DA:210,0
DA:213,0
DA:217,1
DA:219,0
DA:221,0
DA:226,0
DA:227,0
DA:230,0
DA:231,0
DA:235,0
DA:238,0
DA:239,0
DA:240,0
DA:242,0
DA:243,0
DA:247,0
DA:251,1
DA:253,0
DA:255,0
DA:260,0
DA:261,0
DA:264,0
DA:265,0
DA:269,0
DA:272,0
DA:273,0
DA:274,0
DA:276,0
DA:277,0
DA:281,0
DA:285,1
DA:286,0
DA:287,0
DA:288,0
DA:289,0
DA:290,0
DA:291,0
DA:292,0
DA:294,0
DA:298,1
DA:299,0
DA:300,0
DA:301,0
DA:303,0
DA:304,0
DA:307,0
DA:309,0
DA:312,0
DA:313,0
DA:316,0
DA:317,0
DA:318,0
DA:321,0
DA:322,0
DA:325,0
DA:338,1
LF:138
LH:33
BRDA:30,1,0,0
BRDA:30,1,1,0
BRDA:32,2,0,0
BRDA:32,2,1,0
BRDA:32,3,0,0
BRDA:32,3,1,0
BRDA:39,4,0,0
BRDA:39,4,1,0
BRDA:39,5,0,0
BRDA:39,5,1,0
BRDA:65,6,0,0
BRDA:65,6,1,0
BRDA:65,7,0,0
BRDA:65,7,1,0
BRDA:69,8,0,0
BRDA:69,8,1,0
BRDA:97,9,0,0
BRDA:97,9,1,0
BRDA:97,10,0,0
BRDA:97,10,1,0
BRDA:101,11,0,0
BRDA:101,11,1,0
BRDA:129,12,0,0
BRDA:129,12,1,0
BRDA:129,13,0,0
BRDA:129,13,1,0
BRDA:133,14,0,0
BRDA:133,14,1,0
BRDA:166,15,0,0
BRDA:166,15,1,1
BRDA:166,16,0,1
BRDA:166,16,1,1
BRDA:172,17,0,1
BRDA:172,17,1,0
BRDA:172,18,0,1
BRDA:172,18,1,1
BRDA:203,19,0,0
BRDA:203,19,1,0
BRDA:203,20,0,0
BRDA:203,20,1,0
BRDA:210,21,0,0
BRDA:210,21,1,0
BRDA:210,21,2,0
BRDA:226,22,0,0
BRDA:226,22,1,0
BRDA:226,23,0,0
BRDA:226,23,1,0
BRDA:230,24,0,0
BRDA:230,24,1,0
BRDA:230,25,0,0
BRDA:230,25,1,0
BRDA:230,25,2,0
BRDA:260,26,0,0
BRDA:260,26,1,0
BRDA:260,27,0,0
BRDA:260,27,1,0
BRDA:264,28,0,0
BRDA:264,28,1,0
BRDA:264,29,0,0
BRDA:264,29,1,0
BRDA:264,29,2,0
BRDA:288,30,0,0
BRDA:288,30,1,0
BRDA:290,31,0,0
BRDA:290,31,1,0
BRDA:303,32,0,0
BRDA:303,32,1,0
BRDA:303,33,0,0
BRDA:303,33,1,0
BRDA:312,34,0,0
BRDA:312,34,1,0
BRDA:312,35,0,0
BRDA:312,35,1,0
BRF:73
BRH:6
end_of_record
