TN:
SF:/Users/Eric/Documents/UBC/Winter 2017/CPSC 410/git/MoodSwing/be/server.js
FN:23,(anonymous_1)
FNF:1
FNH:1
FNDA:1,(anonymous_1)
DA:1,1
DA:2,1
DA:3,1
DA:4,1
DA:5,1
DA:6,1
DA:7,1
DA:8,1
DA:9,1
DA:10,1
DA:11,1
DA:12,1
DA:13,1
DA:15,1
DA:16,1
DA:17,1
DA:19,1
DA:20,1
DA:23,1
DA:24,1
DA:25,0
DA:26,0
DA:28,1
DA:29,1
DA:33,1
LF:25
LH:23
BRDA:5,1,0,1
BRDA:5,1,1,1
BRDA:24,2,0,0
BRDA:24,2,1,1
BRF:4
BRH:3
end_of_record
TN:
SF:/Users/Eric/Documents/UBC/Winter 2017/CPSC 410/git/MoodSwing/be/config.js
FNF:0
FNH:0
DA:1,1
LF:1
LH:1
BRF:0
BRH:0
end_of_record
TN:
SF:/Users/Eric/Documents/UBC/Winter 2017/CPSC 410/git/MoodSwing/be/authenticatedRoutes.js
FN:24,(anonymous_1)
FN:28,(anonymous_2)
FN:74,(anonymous_3)
FN:82,(anonymous_4)
FN:91,(anonymous_5)
FN:94,(anonymous_6)
FN:114,(anonymous_7)
FN:132,(anonymous_8)
FN:135,(anonymous_9)
FN:148,(anonymous_10)
FN:178,(anonymous_11)
FN:190,makeEntry
FN:199,(anonymous_13)
FN:204,(anonymous_14)
FN:209,(anonymous_15)
FN:222,(anonymous_16)
FN:227,(anonymous_17)
FN:235,notifyFollowers
FN:238,(anonymous_19)
FN:254,(anonymous_20)
FN:259,incrementEmotionCount
FN:271,(anonymous_22)
FN:278,(anonymous_23)
FN:282,(anonymous_24)
FN:288,(anonymous_25)
FN:289,(anonymous_26)
FN:294,(anonymous_27)
FN:300,(anonymous_28)
FN:310,(anonymous_29)
FN:317,(anonymous_30)
FN:321,(anonymous_31)
FN:326,(anonymous_32)
FN:330,(anonymous_33)
FN:337,findCaptureByIdAndDecrementEmotion
FN:338,(anonymous_35)
FN:345,(anonymous_36)
FN:351,(anonymous_37)
FN:360,(anonymous_38)
FN:374,(anonymous_39)
FN:389,(anonymous_40)
FN:396,(anonymous_41)
FN:404,(anonymous_42)
FN:407,(anonymous_43)
FN:413,(anonymous_44)
FN:424,(anonymous_45)
FN:430,(anonymous_46)
FN:433,(anonymous_47)
FN:445,(anonymous_48)
FN:451,(anonymous_49)
FN:458,(anonymous_50)
FN:467,(anonymous_51)
FN:470,(anonymous_52)
FN:473,(anonymous_53)
FN:480,(anonymous_54)
FN:486,(anonymous_55)
FN:493,(anonymous_56)
FN:509,(anonymous_57)
FN:514,(anonymous_58)
FN:525,(anonymous_59)
FNF:59
FNH:45
FNDA:28,(anonymous_1)
FNDA:27,(anonymous_2)
FNDA:0,(anonymous_3)
FNDA:0,(anonymous_4)
FNDA:0,(anonymous_5)
FNDA:0,(anonymous_6)
FNDA:2,(anonymous_7)
FNDA:1,(anonymous_8)
FNDA:0,(anonymous_9)
FNDA:11,(anonymous_10)
FNDA:0,(anonymous_11)
FNDA:11,makeEntry
FNDA:11,(anonymous_13)
FNDA:3,(anonymous_14)
FNDA:0,(anonymous_15)
FNDA:8,(anonymous_16)
FNDA:0,(anonymous_17)
FNDA:11,notifyFollowers
FNDA:11,(anonymous_19)
FNDA:11,(anonymous_20)
FNDA:15,incrementEmotionCount
FNDA:3,(anonymous_22)
FNDA:1,(anonymous_23)
FNDA:1,(anonymous_24)
FNDA:1,(anonymous_25)
FNDA:2,(anonymous_26)
FNDA:0,(anonymous_27)
FNDA:2,(anonymous_28)
FNDA:2,(anonymous_29)
FNDA:1,(anonymous_30)
FNDA:0,(anonymous_31)
FNDA:1,(anonymous_32)
FNDA:0,(anonymous_33)
FNDA:2,findCaptureByIdAndDecrementEmotion
FNDA:3,(anonymous_35)
FNDA:1,(anonymous_36)
FNDA:1,(anonymous_37)
FNDA:1,(anonymous_38)
FNDA:1,(anonymous_39)
FNDA:2,(anonymous_40)
FNDA:2,(anonymous_41)
FNDA:1,(anonymous_42)
FNDA:0,(anonymous_43)
FNDA:2,(anonymous_44)
FNDA:1,(anonymous_45)
FNDA:1,(anonymous_46)
FNDA:0,(anonymous_47)
FNDA:2,(anonymous_48)
FNDA:2,(anonymous_49)
FNDA:2,(anonymous_50)
FNDA:1,(anonymous_51)
FNDA:1,(anonymous_52)
FNDA:0,(anonymous_53)
FNDA:1,(anonymous_54)
FNDA:1,(anonymous_55)
FNDA:1,(anonymous_56)
FNDA:1,(anonymous_57)
FNDA:1,(anonymous_58)
FNDA:1,(anonymous_59)
DA:1,1
DA:2,1
DA:3,1
DA:4,1
DA:5,1
DA:6,1
DA:7,1
DA:8,1
DA:9,1
DA:10,1
DA:11,1
DA:13,1
DA:14,1
DA:15,1
DA:23,1
DA:25,28
DA:27,28
DA:28,27
DA:29,27
DA:30,1
DA:33,26
DA:34,26
DA:37,1
DA:50,1
DA:52,1
DA:54,0
DA:56,0
DA:57,0
DA:60,0
DA:66,0
DA:68,0
DA:71,0
DA:76,0
DA:77,0
DA:80,0
DA:83,0
DA:84,0
DA:87,0
DA:88,0
DA:90,0
DA:92,0
DA:95,0
DA:101,1
DA:102,2
DA:103,2
DA:104,2
DA:105,2
DA:107,2
DA:108,0
DA:111,2
DA:115,2
DA:116,1
DA:119,1
DA:121,1
DA:122,1
DA:123,1
DA:126,1
DA:127,1
DA:128,1
DA:131,1
DA:133,1
DA:136,0
DA:148,1
DA:149,11
DA:150,11
DA:151,11
DA:152,11
DA:153,11
DA:155,11
DA:157,11
DA:158,0
DA:159,0
DA:162,0
DA:168,0
DA:170,0
DA:173,0
DA:175,0
DA:179,0
DA:180,0
DA:182,0
DA:183,0
DA:186,11
DA:190,1
DA:191,11
DA:192,11
DA:193,11
DA:194,11
DA:196,11
DA:200,11
DA:201,3
DA:203,3
DA:205,3
DA:206,3
DA:207,3
DA:210,0
DA:211,0
DA:215,8
DA:221,8
DA:223,8
DA:224,8
DA:225,8
DA:228,0
DA:229,0
DA:235,1
DA:236,11
DA:239,11
DA:240,0
DA:241,0
DA:244,11
DA:259,1
DA:261,15
DA:262,12
DA:265,3
DA:266,3
DA:267,3
DA:269,3
DA:272,3
DA:273,0
DA:278,1
DA:279,1
DA:280,1
DA:282,1
DA:283,1
DA:284,0
DA:287,1
DA:289,1
DA:290,2
DA:292,1
DA:295,0
DA:300,1
DA:301,2
DA:302,2
DA:304,2
DA:305,0
DA:308,2
DA:311,2
DA:312,0
DA:315,2
DA:316,1
DA:318,1
DA:319,1
DA:322,0
DA:325,1
DA:327,1
DA:328,1
DA:331,0
DA:337,1
DA:338,2
DA:339,3
DA:340,2
DA:345,1
DA:346,1
DA:347,1
DA:349,1
DA:352,1
DA:353,0
DA:356,1
DA:360,1
DA:361,1
DA:362,1
DA:363,1
DA:365,1
DA:366,0
DA:369,1
DA:375,1
DA:376,0
DA:379,1
DA:389,1
DA:390,2
DA:391,2
DA:392,2
DA:394,2
DA:396,2
DA:397,2
DA:398,1
DA:401,1
DA:403,1
DA:405,1
DA:408,0
DA:413,1
DA:414,2
DA:415,2
DA:417,2
DA:418,1
DA:421,1
DA:425,1
DA:426,0
DA:429,1
DA:431,1
DA:434,0
DA:445,1
DA:446,2
DA:447,2
DA:449,2
DA:452,2
DA:453,0
DA:456,2
DA:459,2
DA:460,1
DA:463,1
DA:464,1
DA:466,1
DA:468,1
DA:471,1
DA:474,0
DA:480,1
DA:481,1
DA:482,1
DA:484,1
DA:487,1
DA:488,0
DA:491,1
DA:494,1
DA:495,0
DA:498,1
DA:509,1
DA:510,1
DA:512,1
DA:516,1
DA:517,0
DA:520,1
DA:526,1
DA:527,0
DA:530,1
DA:541,1
LF:225
LH:170
BRDA:25,1,0,28
BRDA:25,1,1,28
BRDA:27,2,0,27
BRDA:27,2,1,1
BRDA:29,3,0,1
BRDA:29,3,1,26
BRDA:56,4,0,0
BRDA:56,4,1,0
BRDA:60,5,0,0
BRDA:60,5,1,0
BRDA:60,5,2,0
BRDA:60,5,3,0
BRDA:60,5,4,0
BRDA:60,5,5,0
BRDA:76,6,0,0
BRDA:76,6,1,0
BRDA:76,7,0,0
BRDA:76,7,1,0
BRDA:83,8,0,0
BRDA:83,8,1,0
BRDA:83,9,0,0
BRDA:83,9,1,0
BRDA:107,10,0,0
BRDA:107,10,1,2
BRDA:107,11,0,2
BRDA:107,11,1,0
BRDA:115,12,0,1
BRDA:115,12,1,1
BRDA:115,13,0,2
BRDA:115,13,1,2
BRDA:121,14,0,1
BRDA:121,14,1,0
BRDA:126,15,0,1
BRDA:126,15,1,0
BRDA:157,16,0,0
BRDA:157,16,1,11
BRDA:158,17,0,0
BRDA:158,17,1,0
BRDA:162,18,0,0
BRDA:162,18,1,0
BRDA:162,18,2,0
BRDA:162,18,3,0
BRDA:162,18,4,0
BRDA:162,18,5,0
BRDA:179,19,0,0
BRDA:179,19,1,0
BRDA:179,20,0,0
BRDA:179,20,1,0
BRDA:194,21,0,11
BRDA:194,21,1,9
BRDA:200,22,0,3
BRDA:200,22,1,8
BRDA:239,23,0,0
BRDA:239,23,1,11
BRDA:239,24,0,11
BRDA:239,24,1,11
BRDA:261,25,0,12
BRDA:261,25,1,3
BRDA:272,26,0,0
BRDA:272,26,1,3
BRDA:283,27,0,0
BRDA:283,27,1,1
BRDA:283,28,0,1
BRDA:283,28,1,1
BRDA:304,29,0,0
BRDA:304,29,1,2
BRDA:311,30,0,0
BRDA:311,30,1,2
BRDA:311,31,0,2
BRDA:311,31,1,2
BRDA:315,32,0,1
BRDA:315,32,1,1
BRDA:339,33,0,2
BRDA:339,33,1,1
BRDA:352,34,0,0
BRDA:352,34,1,1
BRDA:365,35,0,0
BRDA:365,35,1,1
BRDA:375,36,0,0
BRDA:375,36,1,1
BRDA:375,37,0,1
BRDA:375,37,1,1
BRDA:397,38,0,1
BRDA:397,38,1,1
BRDA:397,39,0,2
BRDA:397,39,1,1
BRDA:417,40,0,1
BRDA:417,40,1,1
BRDA:425,41,0,0
BRDA:425,41,1,1
BRDA:425,42,0,1
BRDA:425,42,1,1
BRDA:452,43,0,0
BRDA:452,43,1,2
BRDA:452,44,0,2
BRDA:452,44,1,2
BRDA:459,45,0,1
BRDA:459,45,1,1
BRDA:459,46,0,2
BRDA:459,46,1,2
BRDA:487,47,0,0
BRDA:487,47,1,1
BRDA:494,48,0,0
BRDA:494,48,1,1
BRDA:516,49,0,0
BRDA:516,49,1,1
BRDA:516,50,0,1
BRDA:516,50,1,1
BRDA:526,51,0,0
BRDA:526,51,1,1
BRDA:526,52,0,1
BRDA:526,52,1,1
BRF:112
BRH:65
end_of_record
TN:
SF:/Users/Eric/Documents/UBC/Winter 2017/CPSC 410/git/MoodSwing/be/app/models/user.js
FNF:0
FNH:0
DA:1,1
DA:2,1
DA:4,1
DA:6,1
DA:21,1
LF:5
LH:5
BRF:0
BRH:0
end_of_record
TN:
SF:/Users/Eric/Documents/UBC/Winter 2017/CPSC 410/git/MoodSwing/be/app/models/journalentry.js
FNF:0
FNH:0
DA:1,1
DA:2,1
DA:4,1
DA:6,1
DA:14,1
DA:23,1
DA:34,1
LF:7
LH:7
BRF:0
BRH:0
end_of_record
TN:
SF:/Users/Eric/Documents/UBC/Winter 2017/CPSC 410/git/MoodSwing/be/publicRoutes.js
FN:17,(anonymous_1)
FN:28,(anonymous_2)
FN:40,(anonymous_3)
FN:44,(anonymous_4)
FN:50,(anonymous_5)
FN:54,(anonymous_6)
FN:73,createToken
FN:85,(anonymous_8)
FN:117,(anonymous_9)
FN:149,(anonymous_10)
FN:155,(anonymous_11)
FN:163,(anonymous_12)
FN:184,(anonymous_13)
FN:192,(anonymous_14)
FN:197,(anonymous_15)
FN:215,(anonymous_16)
FN:249,(anonymous_17)
FN:275,(anonymous_18)
FN:276,(anonymous_19)
FN:277,(anonymous_20)
FN:288,(anonymous_21)
FN:290,(anonymous_22)
FN:301,(anonymous_23)
FN:307,(anonymous_24)
FN:311,(anonymous_25)
FNF:25
FNH:18
FNDA:11,(anonymous_1)
FNDA:10,(anonymous_2)
FNDA:9,(anonymous_3)
FNDA:0,(anonymous_4)
FNDA:4,(anonymous_5)
FNDA:4,(anonymous_6)
FNDA:11,createToken
FNDA:0,(anonymous_8)
FNDA:0,(anonymous_9)
FNDA:9,(anonymous_10)
FNDA:9,(anonymous_11)
FNDA:90,(anonymous_12)
FNDA:12,(anonymous_13)
FNDA:12,(anonymous_14)
FNDA:3,(anonymous_15)
FNDA:0,(anonymous_16)
FNDA:0,(anonymous_17)
FNDA:1,(anonymous_18)
FNDA:1,(anonymous_19)
FNDA:1039,(anonymous_20)
FNDA:1,(anonymous_21)
FNDA:1,(anonymous_22)
FNDA:1,(anonymous_23)
FNDA:0,(anonymous_24)
FNDA:0,(anonymous_25)
DA:1,1
DA:2,1
DA:3,1
DA:4,1
DA:5,1
DA:6,1
DA:7,1
DA:8,1
DA:9,1
DA:17,1
DA:18,11
DA:19,11
DA:20,11
DA:22,11
DA:23,1
DA:26,10
DA:29,10
DA:30,1
DA:33,9
DA:39,9
DA:41,9
DA:42,9
DA:45,0
DA:50,1
DA:52,4
DA:55,4
DA:56,1
DA:59,3
DA:60,1
DA:63,2
DA:65,2
DA:73,1
DA:74,11
DA:79,1
DA:81,0
DA:83,0
DA:87,0
DA:88,0
DA:91,0
DA:92,0
DA:96,0
DA:99,0
DA:100,0
DA:102,0
DA:103,0
DA:107,0
DA:111,1
DA:113,0
DA:115,0
DA:119,0
DA:120,0
DA:123,0
DA:124,0
DA:128,0
DA:131,0
DA:132,0
DA:134,0
DA:135,0
DA:139,0
DA:149,1
DA:150,9
DA:152,9
DA:156,9
DA:157,1
DA:160,8
DA:162,8
DA:163,8
DA:164,90
DA:167,8
DA:168,8
DA:171,8
DA:173,8
DA:184,1
DA:185,12
DA:187,12
DA:193,12
DA:194,0
DA:197,12
DA:198,3
DA:199,3
DA:200,3
DA:203,12
DA:207,1
DA:209,0
DA:211,0
DA:216,0
DA:217,0
DA:220,0
DA:221,0
DA:225,0
DA:228,0
DA:229,0
DA:230,0
DA:232,0
DA:233,0
DA:237,0
DA:241,1
DA:243,0
DA:245,0
DA:250,0
DA:251,0
DA:254,0
DA:255,0
DA:259,0
DA:262,0
DA:263,0
DA:264,0
DA:266,0
DA:267,0
DA:271,0
DA:275,1
DA:276,1
DA:277,1
DA:278,1039
DA:279,458
DA:280,581
DA:281,581
DA:282,0
DA:284,1
DA:288,1
DA:289,1
DA:290,1
DA:291,1
DA:293,1
DA:294,0
DA:297,1
DA:299,1
DA:302,1
DA:303,0
DA:306,1
DA:307,1
DA:308,0
DA:311,1
DA:312,0
DA:315,1
DA:328,1
LF:136
LH:79
BRDA:20,1,0,11
BRDA:20,1,1,8
BRDA:22,2,0,1
BRDA:22,2,1,10
BRDA:22,3,0,11
BRDA:22,3,1,11
BRDA:29,4,0,1
BRDA:29,4,1,9
BRDA:29,5,0,10
BRDA:29,5,1,10
BRDA:55,6,0,1
BRDA:55,6,1,3
BRDA:55,7,0,4
BRDA:55,7,1,4
BRDA:59,8,0,1
BRDA:59,8,1,2
BRDA:87,9,0,0
BRDA:87,9,1,0
BRDA:87,10,0,0
BRDA:87,10,1,0
BRDA:91,11,0,0
BRDA:91,11,1,0
BRDA:119,12,0,0
BRDA:119,12,1,0
BRDA:119,13,0,0
BRDA:119,13,1,0
BRDA:123,14,0,0
BRDA:123,14,1,0
BRDA:156,15,0,1
BRDA:156,15,1,8
BRDA:156,16,0,9
BRDA:156,16,1,8
BRDA:162,17,0,8
BRDA:162,17,1,0
BRDA:162,18,0,8
BRDA:162,18,1,8
BRDA:193,19,0,0
BRDA:193,19,1,12
BRDA:193,20,0,12
BRDA:193,20,1,12
BRDA:200,21,0,3
BRDA:200,21,1,3
BRDA:200,21,2,3
BRDA:216,22,0,0
BRDA:216,22,1,0
BRDA:216,23,0,0
BRDA:216,23,1,0
BRDA:220,24,0,0
BRDA:220,24,1,0
BRDA:220,25,0,0
BRDA:220,25,1,0
BRDA:220,25,2,0
BRDA:250,26,0,0
BRDA:250,26,1,0
BRDA:250,27,0,0
BRDA:250,27,1,0
BRDA:254,28,0,0
BRDA:254,28,1,0
BRDA:254,29,0,0
BRDA:254,29,1,0
BRDA:254,29,2,0
BRDA:278,30,0,458
BRDA:278,30,1,581
BRDA:280,31,0,581
BRDA:280,31,1,0
BRDA:293,32,0,0
BRDA:293,32,1,1
BRDA:293,33,0,1
BRDA:293,33,1,1
BRDA:302,34,0,0
BRDA:302,34,1,1
BRDA:302,35,0,1
BRDA:302,35,1,1
BRF:73
BRH:38
end_of_record
